#
# A fatal error has been detected by the Java Runtime Environment:
#
#  SIGSEGV (0xb) at pc=0x00007ff80ea267d8, pid=11294, tid=119839
#
# JRE version: OpenJDK Runtime Environment Zulu21.32+17-CA (21.0.2+13) (build 21.0.2+13-LTS)
# Java VM: OpenJDK 64-Bit Server VM Zulu21.32+17-CA (21.0.2+13-LTS, mixed mode, sharing, tiered, compressed oops, compressed class ptrs, g1 gc, bsd-amd64)
# Problematic frame:
# C  [CoreVideo+0x37d8]  CVXTime::translateTime(CVTimeStamp const*, CVTimeStamp*) const+0x1a
#
# No core dump will be written. Core dumps have been disabled. To enable core dumping, try "ulimit -c unlimited" before starting Java again
#
# If you would like to submit a bug report, please visit:
#   http://www.azul.com/support/
#

---------------  S U M M A R Y ------------

Command Line: -agentlib:jdwp=transport=dt_socket,server=n,address=50294 com.mycompany.javacheckers.Checkers

Host: "MacBookAir10,1" x86_64 (EMULATED) 2400 MHz, 8 cores, 8G, Darwin 23.6.0, macOS 14.6.1 (23G93)
Time: Wed Dec 11 16:09:06 2024 EST elapsed time: 1799.298948 seconds (0d 0h 29m 59s)

---------------  T H R E A D  ---------------

Current thread is native thread

Stack: [0x000000030a2c3000,0x000000030a343000],  sp=0x000000030a342ca0,  free space=511k
Native frames: (J=compiled Java code, j=interpreted, Vv=VM code, C=native code)
C  [CoreVideo+0x37d8]  CVXTime::translateTime(CVTimeStamp const*, CVTimeStamp*) const+0x1a
C  [CoreVideo+0x34c8]  CVDisplayLink::calculateNextWakeUpTime(CVTimeStamp*, CVTimeStamp*, bool)+0x124
C  [CoreVideo+0x2aaa]  CVDisplayLink::runIOThread()+0x188
C  [libsystem_pthread.dylib+0x618b]  _pthread_start+0x63
C  [libsystem_pthread.dylib+0x1ae3]  thread_start+0xf

siginfo: si_signo: 11 (SIGSEGV), si_code: 1 (SEGV_MAPERR), si_addr: 0x0000e9fcb8081808

Registers:
RAX=0x0000e9fcb8081650, RBX=0x000000030a342e30, RCX=0x0000000000000000, RDX=0x000000030a342e30
RSP=0x000000030a342ca0, RBP=0x000000030a342cd0, RSI=0x000000030a342ce0, RDI=0x0000600000df1650
R8 =0x00007ff847284d80, R9 =0x00007fa09e040098, R10=0x00007fa09e040090, R11=0x00007fa09e040094
R12=0x000000030a342e30, R13=0x000000030a342ce0, R14=0x00007fa09e040020, R15=0x0000600000df1650
RIP=0x00007ff80ea267d8, EFLAGS=0x0000000000000246, ERR=0x0000000000000004
  TRAPNO=0x000000000000000e


Top of Stack: (sp=0x000000030a342ca0)
0x000000030a342ca0:   0000000000fe502a 000000030a342e30
0x000000030a342cb0:   00007fa09e040118 0000000000000000
0x000000030a342cc0:   00007fa09e040020 00007fa09e0400d8
0x000000030a342cd0:   000000030a342e20 00007ff80ea264c8
0x000000030a342ce0:   3b9aca0000000000 00001fd92295af06
0x000000030a342cf0:   00001fd921bb4e09 3ff0000000000000
0x000000030a342d00:   0000000000fe502a 0000000000000000
0x000000030a342d10:   0000000000000000 0000000000000000
0x000000030a342d20:   0000000000000001 0000000000000000
0x000000030a342d30:   000000030a342d50 00007ff8056b34af
0x000000030a342d40:   000000000000003c 00007fa09e040038
0x000000030a342d50:   000000030a342de0 00007ff8056b8780
0x000000030a342d60:   0000000000000000 0000000000000000
0x000000030a342d70:   0000000000000000 0000000000000000
0x000000030a342d80:   0000000000000000 0000000000000000
0x000000030a342d90:   0000000000000000 0000000000000000
0x000000030a342da0:   0000000000000000 0000000000000000
0x000000030a342db0:   0000000000000000 0000000000000002
0x000000030a342dc0:   0000000000000000 00007fa09e040218
0x000000030a342dd0:   000000030a342df0 00000000056b3909
0x000000030a342de0:   00007fa09e040200 0000000000000000
0x000000030a342df0:   00001fd9235778af 00007fa09e040020
0x000000030a342e00:   00007fa09e040118 0000000000000000
0x000000030a342e10:   000000030a342e98 00007fa09e0400d8
0x000000030a342e20:   000000030a342fb0 00007ff80ea25aaa
0x000000030a342e30:   0000000000000000 0000000000000000
0x000000030a342e40:   0000000000000000 0000000000000000
0x000000030a342e50:   0000000000000000 0000000000000000
0x000000030a342e60:   0000000000000000 0000000000000000
0x000000030a342e70:   0000000000000013 0000000000000000
0x000000030a342e80:   0000000000000000 00007fa09e040038
0x000000030a342e90:   0000000000000000 0000000000000000 

Instructions: (pc=0x00007ff80ea267d8)
0x00007ff80ea266d8:   74 10 8c 38 48 8d 35 d5 d8 85 38 f2 0f 11 55 b0
0x00007ff80ea266e8:   e8 2d 8e 03 00 f2 0f 10 55 b0 e9 1f ff ff ff f2
0x00007ff80ea266f8:   4c 0f 2c d0 4d 8b 8e b8 01 00 00 48 8d 35 0c a8
0x00007ff80ea26708:   03 00 bf 02 00 00 00 4c 89 f2 48 8b 4d d0 31 c0
0x00007ff80ea26718:   41 52 41 ff b6 30 02 00 00 e8 c9 54 01 00 48 83
0x00007ff80ea26728:   c4 10 49 8b be 38 02 00 00 e8 48 f5 ff ff 49 8b
0x00007ff80ea26738:   be 38 02 00 00 e8 7c f5 ff ff 49 8b 06 4c 89 f7
0x00007ff80ea26748:   48 8b 75 c0 ff 90 88 00 00 00 49 c7 86 30 02 00
0x00007ff80ea26758:   00 00 00 00 00 49 8b 06 4c 89 f7 48 89 de ff 90
0x00007ff80ea26768:   88 00 00 00 48 81 c4 18 01 00 00 5b 41 5c 41 5d
0x00007ff80ea26778:   41 5e 41 5f 5d c3 55 48 89 e5 41 57 41 56 53 50
0x00007ff80ea26788:   48 89 fb 4c 8d 77 18 4c 89 f7 e8 95 90 03 00 4c
0x00007ff80ea26798:   8b bb b8 01 00 00 48 8b 9b c0 01 00 00 4c 89 f7
0x00007ff80ea267a8:   e8 85 90 03 00 4c 89 f8 48 89 da 48 83 c4 08 5b
0x00007ff80ea267b8:   41 5e 41 5f 5d c3 55 48 89 e5 41 57 41 56 41 55
0x00007ff80ea267c8:   41 54 53 50 49 89 d4 49 89 f5 49 89 ff 48 8b 07
0x00007ff80ea267d8:   4c 8b b0 b8 01 00 00 8b 98 c0 01 00 00 48 8b 4e
0x00007ff80ea267e8:   08 4c 8b 46 10 4c 8b 4e 40 48 8d 35 22 af 04 00
0x00007ff80ea267f8:   bf 05 00 00 00 4c 89 fa 31 c0 e8 e8 53 01 00 49
0x00007ff80ea26808:   8b 4c 24 08 4d 8b 44 24 10 4d 8b 4c 24 40 45 8b
0x00007ff80ea26818:   54 24 04 f2 41 0f 10 44 24 18 48 8d 35 3c af 04
0x00007ff80ea26828:   00 bf 05 00 00 00 4c 89 fa b0 01 41 ff 74 24 20
0x00007ff80ea26838:   41 52 e8 b0 53 01 00 48 83 c4 10 48 8d 35 a5 af
0x00007ff80ea26848:   04 00 bf 05 00 00 00 4c 89 fa 4c 89 f1 41 89 d8
0x00007ff80ea26858:   31 c0 e8 90 53 01 00 49 8b 4f 58 45 8b 47 50 48
0x00007ff80ea26868:   8d 35 d0 af 04 00 bf 05 00 00 00 4c 89 fa 31 c0
0x00007ff80ea26878:   e8 72 53 01 00 f2 41 0f 10 4f 10 0f 14 0d 86 c7
0x00007ff80ea26888:   04 00 66 0f 5c 0d 8e c7 04 00 f2 41 0f 10 47 48
0x00007ff80ea26898:   66 0f 7c c9 48 8d 35 de af 04 00 bf 05 00 00 00
0x00007ff80ea268a8:   4c 89 fa b0 02 e8 3d 53 01 00 4d 8b 4c 24 40 41
0x00007ff80ea268b8:   f6 c1 01 0f 84 94 00 00 00 49 8b 45 40 a8 01 75
0x00007ff80ea268c8:   08 a8 02 75 0a 31 c0 eb 7f 49 8b 45 08 eb 79 49 



---------------  P R O C E S S  ---------------

VM state: not at safepoint (normal execution)

VM Mutex/Monitor currently owned by a thread: None

Heap address: 0x0000000780000000, size: 2048 MB, Compressed Oops mode: Zero based, Oop shift amount: 3

CDS archive(s) mapped at: [0x000000012b000000-0x000000012bd00000-0x000000012bd00000), size 13631488, SharedBaseAddress: 0x000000012b000000, ArchiveRelocationMode: 1.
Compressed class space mapped at: 0x000000012c000000-0x000000016c000000, reserved size: 1073741824
Narrow klass base: 0x000000012b000000, Narrow klass shift: 0, Narrow klass range: 0x100000000

GC Precious Log:
<Skipped>

Heap:
 garbage-first heap   total 133120K, used 48006K [0x0000000780000000, 0x0000000800000000)
  region size 1024K, 39 young (39936K), 1 survivors (1024K)
 Metaspace       used 9398K, committed 9664K, reserved 1114112K
  class space    used 1021K, committed 1152K, reserved 1048576K

Heap Regions: E=young(eden), S=young(survivor), O=old, HS=humongous(starts), HC=humongous(continues), CS=collection set, F=free, TAMS=top-at-mark-start, PB=parsable bottom
|   0|0x0000000780000000, 0x0000000780100000, 0x0000000780100000|100%|HS|  |TAMS 0x0000000780000000| PB 0x0000000780000000| Complete 
|   1|0x0000000780100000, 0x0000000780200000, 0x0000000780200000|100%|HC|  |TAMS 0x0000000780100000| PB 0x0000000780100000| Complete 
|   2|0x0000000780200000, 0x0000000780300000, 0x0000000780300000|100%|HC|  |TAMS 0x0000000780200000| PB 0x0000000780200000| Complete 
|   3|0x0000000780300000, 0x0000000780400000, 0x0000000780400000|100%|HC|  |TAMS 0x0000000780300000| PB 0x0000000780300000| Complete 
|   4|0x0000000780400000, 0x0000000780500000, 0x0000000780500000|100%| O|  |TAMS 0x0000000780400000| PB 0x0000000780400000| Untracked 
|   5|0x0000000780500000, 0x0000000780600000, 0x0000000780600000|100%| O|  |TAMS 0x0000000780500000| PB 0x0000000780500000| Untracked 
|   6|0x0000000780600000, 0x0000000780700000, 0x0000000780700000|100%| O|  |TAMS 0x0000000780600000| PB 0x0000000780600000| Untracked 
|   7|0x0000000780700000, 0x00000007807da4e0, 0x0000000780800000| 85%| O|  |TAMS 0x0000000780700000| PB 0x0000000780700000| Untracked 
|   8|0x0000000780800000, 0x0000000780800000, 0x0000000780900000|  0%| F|  |TAMS 0x0000000780800000| PB 0x0000000780800000| Untracked 
|   9|0x0000000780900000, 0x0000000780900000, 0x0000000780a00000|  0%| F|  |TAMS 0x0000000780900000| PB 0x0000000780900000| Untracked 
|  10|0x0000000780a00000, 0x0000000780a00000, 0x0000000780b00000|  0%| F|  |TAMS 0x0000000780a00000| PB 0x0000000780a00000| Untracked 
|  11|0x0000000780b00000, 0x0000000780b00000, 0x0000000780c00000|  0%| F|  |TAMS 0x0000000780b00000| PB 0x0000000780b00000| Untracked 
|  12|0x0000000780c00000, 0x0000000780c00000, 0x0000000780d00000|  0%| F|  |TAMS 0x0000000780c00000| PB 0x0000000780c00000| Untracked 
|  13|0x0000000780d00000, 0x0000000780d00000, 0x0000000780e00000|  0%| F|  |TAMS 0x0000000780d00000| PB 0x0000000780d00000| Untracked 
|  14|0x0000000780e00000, 0x0000000780e00000, 0x0000000780f00000|  0%| F|  |TAMS 0x0000000780e00000| PB 0x0000000780e00000| Untracked 
|  15|0x0000000780f00000, 0x0000000780f00000, 0x0000000781000000|  0%| F|  |TAMS 0x0000000780f00000| PB 0x0000000780f00000| Untracked 
|  16|0x0000000781000000, 0x0000000781000000, 0x0000000781100000|  0%| F|  |TAMS 0x0000000781000000| PB 0x0000000781000000| Untracked 
|  17|0x0000000781100000, 0x0000000781100000, 0x0000000781200000|  0%| F|  |TAMS 0x0000000781100000| PB 0x0000000781100000| Untracked 
|  18|0x0000000781200000, 0x0000000781200000, 0x0000000781300000|  0%| F|  |TAMS 0x0000000781200000| PB 0x0000000781200000| Untracked 
|  19|0x0000000781300000, 0x0000000781300000, 0x0000000781400000|  0%| F|  |TAMS 0x0000000781300000| PB 0x0000000781300000| Untracked 
|  20|0x0000000781400000, 0x0000000781400000, 0x0000000781500000|  0%| F|  |TAMS 0x0000000781400000| PB 0x0000000781400000| Untracked 
|  21|0x0000000781500000, 0x0000000781500000, 0x0000000781600000|  0%| F|  |TAMS 0x0000000781500000| PB 0x0000000781500000| Untracked 
|  22|0x0000000781600000, 0x0000000781600000, 0x0000000781700000|  0%| F|  |TAMS 0x0000000781600000| PB 0x0000000781600000| Untracked 
|  23|0x0000000781700000, 0x0000000781700000, 0x0000000781800000|  0%| F|  |TAMS 0x0000000781700000| PB 0x0000000781700000| Untracked 
|  24|0x0000000781800000, 0x0000000781800000, 0x0000000781900000|  0%| F|  |TAMS 0x0000000781800000| PB 0x0000000781800000| Untracked 
|  25|0x0000000781900000, 0x0000000781900000, 0x0000000781a00000|  0%| F|  |TAMS 0x0000000781900000| PB 0x0000000781900000| Untracked 
|  26|0x0000000781a00000, 0x0000000781a00000, 0x0000000781b00000|  0%| F|  |TAMS 0x0000000781a00000| PB 0x0000000781a00000| Untracked 
|  27|0x0000000781b00000, 0x0000000781b00000, 0x0000000781c00000|  0%| F|  |TAMS 0x0000000781b00000| PB 0x0000000781b00000| Untracked 
|  28|0x0000000781c00000, 0x0000000781c00000, 0x0000000781d00000|  0%| F|  |TAMS 0x0000000781c00000| PB 0x0000000781c00000| Untracked 
|  29|0x0000000781d00000, 0x0000000781d00000, 0x0000000781e00000|  0%| F|  |TAMS 0x0000000781d00000| PB 0x0000000781d00000| Untracked 
|  30|0x0000000781e00000, 0x0000000781e00000, 0x0000000781f00000|  0%| F|  |TAMS 0x0000000781e00000| PB 0x0000000781e00000| Untracked 
|  31|0x0000000781f00000, 0x0000000781f00000, 0x0000000782000000|  0%| F|  |TAMS 0x0000000781f00000| PB 0x0000000781f00000| Untracked 
|  32|0x0000000782000000, 0x0000000782000000, 0x0000000782100000|  0%| F|  |TAMS 0x0000000782000000| PB 0x0000000782000000| Untracked 
|  33|0x0000000782100000, 0x0000000782100000, 0x0000000782200000|  0%| F|  |TAMS 0x0000000782100000| PB 0x0000000782100000| Untracked 
|  34|0x0000000782200000, 0x0000000782200000, 0x0000000782300000|  0%| F|  |TAMS 0x0000000782200000| PB 0x0000000782200000| Untracked 
|  35|0x0000000782300000, 0x0000000782300000, 0x0000000782400000|  0%| F|  |TAMS 0x0000000782300000| PB 0x0000000782300000| Untracked 
|  36|0x0000000782400000, 0x0000000782400000, 0x0000000782500000|  0%| F|  |TAMS 0x0000000782400000| PB 0x0000000782400000| Untracked 
|  37|0x0000000782500000, 0x0000000782500000, 0x0000000782600000|  0%| F|  |TAMS 0x0000000782500000| PB 0x0000000782500000| Untracked 
|  38|0x0000000782600000, 0x0000000782600000, 0x0000000782700000|  0%| F|  |TAMS 0x0000000782600000| PB 0x0000000782600000| Untracked 
|  39|0x0000000782700000, 0x0000000782700000, 0x0000000782800000|  0%| F|  |TAMS 0x0000000782700000| PB 0x0000000782700000| Untracked 
|  40|0x0000000782800000, 0x0000000782800000, 0x0000000782900000|  0%| F|  |TAMS 0x0000000782800000| PB 0x0000000782800000| Untracked 
|  41|0x0000000782900000, 0x0000000782900000, 0x0000000782a00000|  0%| F|  |TAMS 0x0000000782900000| PB 0x0000000782900000| Untracked 
|  42|0x0000000782a00000, 0x0000000782a00000, 0x0000000782b00000|  0%| F|  |TAMS 0x0000000782a00000| PB 0x0000000782a00000| Untracked 
|  43|0x0000000782b00000, 0x0000000782b00000, 0x0000000782c00000|  0%| F|  |TAMS 0x0000000782b00000| PB 0x0000000782b00000| Untracked 
|  44|0x0000000782c00000, 0x0000000782c00000, 0x0000000782d00000|  0%| F|  |TAMS 0x0000000782c00000| PB 0x0000000782c00000| Untracked 
|  45|0x0000000782d00000, 0x0000000782d00000, 0x0000000782e00000|  0%| F|  |TAMS 0x0000000782d00000| PB 0x0000000782d00000| Untracked 
|  46|0x0000000782e00000, 0x0000000782e00000, 0x0000000782f00000|  0%| F|  |TAMS 0x0000000782e00000| PB 0x0000000782e00000| Untracked 
|  47|0x0000000782f00000, 0x0000000782f00000, 0x0000000783000000|  0%| F|  |TAMS 0x0000000782f00000| PB 0x0000000782f00000| Untracked 
|  48|0x0000000783000000, 0x0000000783000000, 0x0000000783100000|  0%| F|  |TAMS 0x0000000783000000| PB 0x0000000783000000| Untracked 
|  49|0x0000000783100000, 0x0000000783100000, 0x0000000783200000|  0%| F|  |TAMS 0x0000000783100000| PB 0x0000000783100000| Untracked 
|  50|0x0000000783200000, 0x0000000783200000, 0x0000000783300000|  0%| F|  |TAMS 0x0000000783200000| PB 0x0000000783200000| Untracked 
|  51|0x0000000783300000, 0x0000000783302040, 0x0000000783400000|  0%| S|CS|TAMS 0x0000000783300000| PB 0x0000000783300000| Complete 
|  52|0x0000000783400000, 0x0000000783400000, 0x0000000783500000|  0%| F|  |TAMS 0x0000000783400000| PB 0x0000000783400000| Untracked 
|  53|0x0000000783500000, 0x0000000783500000, 0x0000000783600000|  0%| F|  |TAMS 0x0000000783500000| PB 0x0000000783500000| Untracked 
|  54|0x0000000783600000, 0x0000000783600000, 0x0000000783700000|  0%| F|  |TAMS 0x0000000783600000| PB 0x0000000783600000| Untracked 
|  55|0x0000000783700000, 0x0000000783700000, 0x0000000783800000|  0%| F|  |TAMS 0x0000000783700000| PB 0x0000000783700000| Untracked 
|  56|0x0000000783800000, 0x0000000783800000, 0x0000000783900000|  0%| F|  |TAMS 0x0000000783800000| PB 0x0000000783800000| Untracked 
|  57|0x0000000783900000, 0x0000000783900000, 0x0000000783a00000|  0%| F|  |TAMS 0x0000000783900000| PB 0x0000000783900000| Untracked 
|  58|0x0000000783a00000, 0x0000000783a00000, 0x0000000783b00000|  0%| F|  |TAMS 0x0000000783a00000| PB 0x0000000783a00000| Untracked 
|  59|0x0000000783b00000, 0x0000000783b00000, 0x0000000783c00000|  0%| F|  |TAMS 0x0000000783b00000| PB 0x0000000783b00000| Untracked 
|  60|0x0000000783c00000, 0x0000000783c00000, 0x0000000783d00000|  0%| F|  |TAMS 0x0000000783c00000| PB 0x0000000783c00000| Untracked 
|  61|0x0000000783d00000, 0x0000000783d00000, 0x0000000783e00000|  0%| F|  |TAMS 0x0000000783d00000| PB 0x0000000783d00000| Untracked 
|  62|0x0000000783e00000, 0x0000000783e00000, 0x0000000783f00000|  0%| F|  |TAMS 0x0000000783e00000| PB 0x0000000783e00000| Untracked 
|  63|0x0000000783f00000, 0x0000000783f00000, 0x0000000784000000|  0%| F|  |TAMS 0x0000000783f00000| PB 0x0000000783f00000| Untracked 
|  64|0x0000000784000000, 0x0000000784000000, 0x0000000784100000|  0%| F|  |TAMS 0x0000000784000000| PB 0x0000000784000000| Untracked 
|  65|0x0000000784100000, 0x0000000784100000, 0x0000000784200000|  0%| F|  |TAMS 0x0000000784100000| PB 0x0000000784100000| Untracked 
|  66|0x0000000784200000, 0x0000000784200000, 0x0000000784300000|  0%| F|  |TAMS 0x0000000784200000| PB 0x0000000784200000| Untracked 
|  67|0x0000000784300000, 0x0000000784300000, 0x0000000784400000|  0%| F|  |TAMS 0x0000000784300000| PB 0x0000000784300000| Untracked 
|  68|0x0000000784400000, 0x0000000784400000, 0x0000000784500000|  0%| F|  |TAMS 0x0000000784400000| PB 0x0000000784400000| Untracked 
|  69|0x0000000784500000, 0x0000000784500000, 0x0000000784600000|  0%| F|  |TAMS 0x0000000784500000| PB 0x0000000784500000| Untracked 
|  70|0x0000000784600000, 0x0000000784600000, 0x0000000784700000|  0%| F|  |TAMS 0x0000000784600000| PB 0x0000000784600000| Untracked 
|  71|0x0000000784700000, 0x0000000784700000, 0x0000000784800000|  0%| F|  |TAMS 0x0000000784700000| PB 0x0000000784700000| Untracked 
|  72|0x0000000784800000, 0x0000000784800000, 0x0000000784900000|  0%| F|  |TAMS 0x0000000784800000| PB 0x0000000784800000| Untracked 
|  73|0x0000000784900000, 0x0000000784900000, 0x0000000784a00000|  0%| F|  |TAMS 0x0000000784900000| PB 0x0000000784900000| Untracked 
|  74|0x0000000784a00000, 0x0000000784a00000, 0x0000000784b00000|  0%| F|  |TAMS 0x0000000784a00000| PB 0x0000000784a00000| Untracked 
|  75|0x0000000784b00000, 0x0000000784b00000, 0x0000000784c00000|  0%| F|  |TAMS 0x0000000784b00000| PB 0x0000000784b00000| Untracked 
|  76|0x0000000784c00000, 0x0000000784c00000, 0x0000000784d00000|  0%| F|  |TAMS 0x0000000784c00000| PB 0x0000000784c00000| Untracked 
|  77|0x0000000784d00000, 0x0000000784d00000, 0x0000000784e00000|  0%| F|  |TAMS 0x0000000784d00000| PB 0x0000000784d00000| Untracked 
|  78|0x0000000784e00000, 0x0000000784e00000, 0x0000000784f00000|  0%| F|  |TAMS 0x0000000784e00000| PB 0x0000000784e00000| Untracked 
|  79|0x0000000784f00000, 0x0000000784f00000, 0x0000000785000000|  0%| F|  |TAMS 0x0000000784f00000| PB 0x0000000784f00000| Untracked 
|  80|0x0000000785000000, 0x0000000785000000, 0x0000000785100000|  0%| F|  |TAMS 0x0000000785000000| PB 0x0000000785000000| Untracked 
|  81|0x0000000785100000, 0x0000000785100000, 0x0000000785200000|  0%| F|  |TAMS 0x0000000785100000| PB 0x0000000785100000| Untracked 
|  82|0x0000000785200000, 0x0000000785200000, 0x0000000785300000|  0%| F|  |TAMS 0x0000000785200000| PB 0x0000000785200000| Untracked 
|  83|0x0000000785300000, 0x0000000785300000, 0x0000000785400000|  0%| F|  |TAMS 0x0000000785300000| PB 0x0000000785300000| Untracked 
|  84|0x0000000785400000, 0x0000000785400000, 0x0000000785500000|  0%| F|  |TAMS 0x0000000785400000| PB 0x0000000785400000| Untracked 
|  85|0x0000000785500000, 0x0000000785500000, 0x0000000785600000|  0%| F|  |TAMS 0x0000000785500000| PB 0x0000000785500000| Untracked 
|  86|0x0000000785600000, 0x0000000785600000, 0x0000000785700000|  0%| F|  |TAMS 0x0000000785600000| PB 0x0000000785600000| Untracked 
|  87|0x0000000785700000, 0x0000000785700000, 0x0000000785800000|  0%| F|  |TAMS 0x0000000785700000| PB 0x0000000785700000| Untracked 
|  88|0x0000000785800000, 0x0000000785800000, 0x0000000785900000|  0%| F|  |TAMS 0x0000000785800000| PB 0x0000000785800000| Untracked 
|  89|0x0000000785900000, 0x0000000785900000, 0x0000000785a00000|  0%| F|  |TAMS 0x0000000785900000| PB 0x0000000785900000| Untracked 
|  90|0x0000000785a00000, 0x0000000785b00000, 0x0000000785b00000|100%| E|  |TAMS 0x0000000785a00000| PB 0x0000000785a00000| Complete 
|  91|0x0000000785b00000, 0x0000000785c00000, 0x0000000785c00000|100%| E|CS|TAMS 0x0000000785b00000| PB 0x0000000785b00000| Complete 
|  92|0x0000000785c00000, 0x0000000785d00000, 0x0000000785d00000|100%| E|CS|TAMS 0x0000000785c00000| PB 0x0000000785c00000| Complete 
|  93|0x0000000785d00000, 0x0000000785e00000, 0x0000000785e00000|100%| E|CS|TAMS 0x0000000785d00000| PB 0x0000000785d00000| Complete 
|  94|0x0000000785e00000, 0x0000000785f00000, 0x0000000785f00000|100%| E|CS|TAMS 0x0000000785e00000| PB 0x0000000785e00000| Complete 
|  95|0x0000000785f00000, 0x0000000786000000, 0x0000000786000000|100%| E|CS|TAMS 0x0000000785f00000| PB 0x0000000785f00000| Complete 
|  96|0x0000000786000000, 0x0000000786100000, 0x0000000786100000|100%| E|CS|TAMS 0x0000000786000000| PB 0x0000000786000000| Complete 
|  97|0x0000000786100000, 0x0000000786200000, 0x0000000786200000|100%| E|CS|TAMS 0x0000000786100000| PB 0x0000000786100000| Complete 
|  98|0x0000000786200000, 0x0000000786300000, 0x0000000786300000|100%| E|CS|TAMS 0x0000000786200000| PB 0x0000000786200000| Complete 
|  99|0x0000000786300000, 0x0000000786400000, 0x0000000786400000|100%| E|CS|TAMS 0x0000000786300000| PB 0x0000000786300000| Complete 
| 100|0x0000000786400000, 0x0000000786500000, 0x0000000786500000|100%| E|CS|TAMS 0x0000000786400000| PB 0x0000000786400000| Complete 
| 101|0x0000000786500000, 0x0000000786600000, 0x0000000786600000|100%| E|CS|TAMS 0x0000000786500000| PB 0x0000000786500000| Complete 
| 102|0x0000000786600000, 0x0000000786700000, 0x0000000786700000|100%| E|CS|TAMS 0x0000000786600000| PB 0x0000000786600000| Complete 
| 103|0x0000000786700000, 0x0000000786800000, 0x0000000786800000|100%| E|CS|TAMS 0x0000000786700000| PB 0x0000000786700000| Complete 
| 104|0x0000000786800000, 0x0000000786900000, 0x0000000786900000|100%| E|CS|TAMS 0x0000000786800000| PB 0x0000000786800000| Complete 
| 105|0x0000000786900000, 0x0000000786a00000, 0x0000000786a00000|100%| E|CS|TAMS 0x0000000786900000| PB 0x0000000786900000| Complete 
| 106|0x0000000786a00000, 0x0000000786b00000, 0x0000000786b00000|100%| E|CS|TAMS 0x0000000786a00000| PB 0x0000000786a00000| Complete 
| 107|0x0000000786b00000, 0x0000000786c00000, 0x0000000786c00000|100%| E|CS|TAMS 0x0000000786b00000| PB 0x0000000786b00000| Complete 
| 108|0x0000000786c00000, 0x0000000786d00000, 0x0000000786d00000|100%| E|CS|TAMS 0x0000000786c00000| PB 0x0000000786c00000| Complete 
| 109|0x0000000786d00000, 0x0000000786e00000, 0x0000000786e00000|100%| E|CS|TAMS 0x0000000786d00000| PB 0x0000000786d00000| Complete 
| 110|0x0000000786e00000, 0x0000000786f00000, 0x0000000786f00000|100%| E|CS|TAMS 0x0000000786e00000| PB 0x0000000786e00000| Complete 
| 111|0x0000000786f00000, 0x0000000787000000, 0x0000000787000000|100%| E|CS|TAMS 0x0000000786f00000| PB 0x0000000786f00000| Complete 
| 112|0x0000000787000000, 0x0000000787100000, 0x0000000787100000|100%| E|CS|TAMS 0x0000000787000000| PB 0x0000000787000000| Complete 
| 113|0x0000000787100000, 0x0000000787200000, 0x0000000787200000|100%| E|CS|TAMS 0x0000000787100000| PB 0x0000000787100000| Complete 
| 114|0x0000000787200000, 0x0000000787300000, 0x0000000787300000|100%| E|CS|TAMS 0x0000000787200000| PB 0x0000000787200000| Complete 
| 115|0x0000000787300000, 0x0000000787400000, 0x0000000787400000|100%| E|CS|TAMS 0x0000000787300000| PB 0x0000000787300000| Complete 
| 116|0x0000000787400000, 0x0000000787500000, 0x0000000787500000|100%| E|CS|TAMS 0x0000000787400000| PB 0x0000000787400000| Complete 
| 117|0x0000000787500000, 0x0000000787600000, 0x0000000787600000|100%| E|CS|TAMS 0x0000000787500000| PB 0x0000000787500000| Complete 
| 118|0x0000000787600000, 0x0000000787700000, 0x0000000787700000|100%| E|CS|TAMS 0x0000000787600000| PB 0x0000000787600000| Complete 
| 119|0x0000000787700000, 0x0000000787800000, 0x0000000787800000|100%| E|CS|TAMS 0x0000000787700000| PB 0x0000000787700000| Complete 
| 120|0x0000000787800000, 0x0000000787900000, 0x0000000787900000|100%| E|CS|TAMS 0x0000000787800000| PB 0x0000000787800000| Complete 
| 121|0x0000000787900000, 0x0000000787a00000, 0x0000000787a00000|100%| E|CS|TAMS 0x0000000787900000| PB 0x0000000787900000| Complete 
| 122|0x0000000787a00000, 0x0000000787b00000, 0x0000000787b00000|100%| E|CS|TAMS 0x0000000787a00000| PB 0x0000000787a00000| Complete 
| 123|0x0000000787b00000, 0x0000000787c00000, 0x0000000787c00000|100%| E|CS|TAMS 0x0000000787b00000| PB 0x0000000787b00000| Complete 
| 124|0x0000000787c00000, 0x0000000787d00000, 0x0000000787d00000|100%| E|CS|TAMS 0x0000000787c00000| PB 0x0000000787c00000| Complete 
| 125|0x0000000787d00000, 0x0000000787e00000, 0x0000000787e00000|100%| E|CS|TAMS 0x0000000787d00000| PB 0x0000000787d00000| Complete 
| 126|0x0000000787e00000, 0x0000000787f00000, 0x0000000787f00000|100%| E|CS|TAMS 0x0000000787e00000| PB 0x0000000787e00000| Complete 
| 127|0x0000000787f00000, 0x0000000788000000, 0x0000000788000000|100%| E|CS|TAMS 0x0000000787f00000| PB 0x0000000787f00000| Complete 
|2046|0x00000007ffe00000, 0x00000007fff00000, 0x00000007fff00000|100%| O|  |TAMS 0x00000007ffe00000| PB 0x00000007ffe00000| Untracked 
|2047|0x00000007fff00000, 0x00000007fff054d0, 0x0000000800000000|  2%| O|  |TAMS 0x00000007fff00000| PB 0x00000007fff00000| Untracked 

Card table byte_map: [0x000000010b981000,0x000000010bd81000] _byte_map_base: 0x0000000107d81000

Marking Bits: (CMBitMap*) 0x00007fa0ec00e210
 Bits: [0x0000000126da0000, 0x0000000128da0000)

Polling page: 0x0000000102b1b000

Metaspace:

Usage:
  Non-class:      8.18 MB used.
      Class:   1021.02 KB used.
       Both:      9.18 MB used.

Virtual space:
  Non-class space:       64.00 MB reserved,       8.31 MB ( 13%) committed,  1 nodes.
      Class space:        1.00 GB reserved,       1.12 MB ( <1%) committed,  1 nodes.
             Both:        1.06 GB reserved,       9.44 MB ( <1%) committed. 

Chunk freelists:
   Non-Class:  7.00 MB
       Class:  14.73 MB
        Both:  21.73 MB

MaxMetaspaceSize: unlimited
CompressedClassSpaceSize: 1.00 GB
Initial GC threshold: 21.00 MB
Current GC threshold: 21.00 MB
CDS: on
 - commit_granule_bytes: 65536.
 - commit_granule_words: 8192.
 - virtual_space_node_default_size: 8388608.
 - enlarge_chunks_in_place: 1.
 - use_allocation_guard: 0.


Internal statistics:

num_allocs_failed_limit: 0.
num_arena_births: 226.
num_arena_deaths: 0.
num_vsnodes_births: 2.
num_vsnodes_deaths: 0.
num_space_committed: 151.
num_space_uncommitted: 0.
num_chunks_returned_to_freelist: 0.
num_chunks_taken_from_freelist: 306.
num_chunk_merges: 0.
num_chunk_splits: 180.
num_chunks_enlarged: 79.
num_inconsistent_stats: 0.

CodeHeap 'non-profiled nmethods': size=120028Kb used=2974Kb max_used=2974Kb free=117053Kb
 bounds [0x000000011f869000, 0x000000011fb59000, 0x0000000126da0000]
CodeHeap 'profiled nmethods': size=120028Kb used=4449Kb max_used=4449Kb free=115578Kb
 bounds [0x0000000117da0000, 0x0000000118200000, 0x000000011f2d7000]
CodeHeap 'non-nmethods': size=5704Kb used=1639Kb max_used=1711Kb free=4064Kb
 bounds [0x000000011f2d7000, 0x000000011f547000, 0x000000011f869000]
 total_blobs=3051 nmethods=2385 adapters=572
 compilation: enabled
              stopped_count=0, restarted_count=0
 full_count=0

Compilation events (20 events):
Event: 112.672 Thread 0x00007fa0ec093c00 2375   !   4       sun.java2d.metal.MTLLayer::drawInMTLContext (32 bytes)
Event: 112.690 Thread 0x00007fa0ec093c00 nmethod 2375 0x000000011fb4ca10 code [0x000000011fb4ccc0, 0x000000011fb4dc68]
Event: 127.189 Thread 0x00007fa0ec093c00 2376       4       sun.awt.AWTAutoShutdown::notifyToolkitThreadBusy (8 bytes)
Event: 127.193 Thread 0x00007fa0ec093c00 nmethod 2376 0x000000011fb4e810 code [0x000000011fb4e9c0, 0x000000011fb4ee68]
Event: 127.193 Thread 0x00007fa0ec093c00 2377       4       sun.awt.AWTAutoShutdown::notifyToolkitThreadFree (8 bytes)
Event: 127.195 Thread 0x00007fa0ec093c00 nmethod 2377 0x000000011fb4f090 code [0x000000011fb4f240, 0x000000011fb4f6a8]
Event: 139.943 Thread 0x00007fa0ec093c00 2378       4       org.netbeans.modules.debugger.jpda.visual.remote.RemoteAWTService::access$000 (4 bytes)
Event: 139.944 Thread 0x00007fa0ec093c00 nmethod 2378 0x000000011fb4f910 code [0x000000011fb4fa80, 0x000000011fb4faf8]
Event: 139.944 Thread 0x00007fa0ec093c00 2379       4       org.netbeans.modules.debugger.jpda.visual.remote.RemoteAWTService::access$100 (4 bytes)
Event: 139.944 Thread 0x00007fa0ec093c00 nmethod 2379 0x000000011fb4fc10 code [0x000000011fb4fd80, 0x000000011fb4fdf8]
Event: 217.111 Thread 0x00007fa0ec094400 2380       3       java.util.concurrent.TimeUnit::toNanos (45 bytes)
Event: 217.127 Thread 0x00007fa0ec094400 nmethod 2380 0x00000001181f7990 code [0x00000001181f7b40, 0x00000001181f7da0]
Event: 597.034 Thread 0x00007fa0ec093c00 2382   !   4       java.lang.Thread::sleep (82 bytes)
Event: 597.039 Thread 0x00007fa0ec093c00 nmethod 2382 0x000000011fb50290 code [0x000000011fb50440, 0x000000011fb50660]
Event: 1179.873 Thread 0x00007fa0ec094400 2383       3       java.util.concurrent.locks.AbstractQueuedSynchronizer$Node::<init> (5 bytes)
Event: 1179.879 Thread 0x00007fa0ec094400 nmethod 2383 0x00000001181f7e10 code [0x00000001181f7fa0, 0x00000001181f8100]
Event: 1275.890 Thread 0x00007fa0ec094400 2384       3       java.util.concurrent.locks.AbstractQueuedSynchronizer$Node::getAndUnsetStatus (14 bytes)
Event: 1275.894 Thread 0x00007fa0ec094400 nmethod 2384 0x00000001181f8190 code [0x00000001181f8340, 0x00000001181f85f8]
Event: 1310.474 Thread 0x00007fa0ec093c00 2385       4       java.util.concurrent.locks.AbstractQueuedSynchronizer$Node::getAndUnsetStatus (14 bytes)
Event: 1310.478 Thread 0x00007fa0ec093c00 nmethod 2385 0x000000011fb50890 code [0x000000011fb50a00, 0x000000011fb50ad8]

GC Heap History (20 events):
Event: 1743.218 GC heap before
{Heap before GC invocations=291 (full 0):
 garbage-first heap   total 133120K, used 85898K [0x0000000780000000, 0x0000000800000000)
  region size 1024K, 76 young (77824K), 1 survivors (1024K)
 Metaspace       used 9398K, committed 9664K, reserved 1114112K
  class space    used 1021K, committed 1152K, reserved 1048576K
}
Event: 1743.219 GC heap after
{Heap after GC invocations=292 (full 0):
 garbage-first heap   total 133120K, used 9094K [0x0000000780000000, 0x0000000800000000)
  region size 1024K, 1 young (1024K), 1 survivors (1024K)
 Metaspace       used 9398K, committed 9664K, reserved 1114112K
  class space    used 1021K, committed 1152K, reserved 1048576K
}
Event: 1749.088 GC heap before
{Heap before GC invocations=292 (full 0):
 garbage-first heap   total 133120K, used 85894K [0x0000000780000000, 0x0000000800000000)
  region size 1024K, 76 young (77824K), 1 survivors (1024K)
 Metaspace       used 9398K, committed 9664K, reserved 1114112K
  class space    used 1021K, committed 1152K, reserved 1048576K
}
Event: 1749.089 GC heap after
{Heap after GC invocations=293 (full 0):
 garbage-first heap   total 133120K, used 9094K [0x0000000780000000, 0x0000000800000000)
  region size 1024K, 1 young (1024K), 1 survivors (1024K)
 Metaspace       used 9398K, committed 9664K, reserved 1114112K
  class space    used 1021K, committed 1152K, reserved 1048576K
}
Event: 1754.926 GC heap before
{Heap before GC invocations=293 (full 0):
 garbage-first heap   total 133120K, used 85894K [0x0000000780000000, 0x0000000800000000)
  region size 1024K, 76 young (77824K), 1 survivors (1024K)
 Metaspace       used 9398K, committed 9664K, reserved 1114112K
  class space    used 1021K, committed 1152K, reserved 1048576K
}
Event: 1754.927 GC heap after
{Heap after GC invocations=294 (full 0):
 garbage-first heap   total 133120K, used 9096K [0x0000000780000000, 0x0000000800000000)
  region size 1024K, 1 young (1024K), 1 survivors (1024K)
 Metaspace       used 9398K, committed 9664K, reserved 1114112K
  class space    used 1021K, committed 1152K, reserved 1048576K
}
Event: 1760.818 GC heap before
{Heap before GC invocations=294 (full 0):
 garbage-first heap   total 133120K, used 85896K [0x0000000780000000, 0x0000000800000000)
  region size 1024K, 76 young (77824K), 1 survivors (1024K)
 Metaspace       used 9398K, committed 9664K, reserved 1114112K
  class space    used 1021K, committed 1152K, reserved 1048576K
}
Event: 1760.819 GC heap after
{Heap after GC invocations=295 (full 0):
 garbage-first heap   total 133120K, used 9094K [0x0000000780000000, 0x0000000800000000)
  region size 1024K, 1 young (1024K), 1 survivors (1024K)
 Metaspace       used 9398K, committed 9664K, reserved 1114112K
  class space    used 1021K, committed 1152K, reserved 1048576K
}
Event: 1766.668 GC heap before
{Heap before GC invocations=295 (full 0):
 garbage-first heap   total 133120K, used 85894K [0x0000000780000000, 0x0000000800000000)
  region size 1024K, 76 young (77824K), 1 survivors (1024K)
 Metaspace       used 9398K, committed 9664K, reserved 1114112K
  class space    used 1021K, committed 1152K, reserved 1048576K
}
Event: 1766.669 GC heap after
{Heap after GC invocations=296 (full 0):
 garbage-first heap   total 133120K, used 9094K [0x0000000780000000, 0x0000000800000000)
  region size 1024K, 1 young (1024K), 1 survivors (1024K)
 Metaspace       used 9398K, committed 9664K, reserved 1114112K
  class space    used 1021K, committed 1152K, reserved 1048576K
}
Event: 1772.522 GC heap before
{Heap before GC invocations=296 (full 0):
 garbage-first heap   total 133120K, used 85894K [0x0000000780000000, 0x0000000800000000)
  region size 1024K, 76 young (77824K), 1 survivors (1024K)
 Metaspace       used 9398K, committed 9664K, reserved 1114112K
  class space    used 1021K, committed 1152K, reserved 1048576K
}
Event: 1772.523 GC heap after
{Heap after GC invocations=297 (full 0):
 garbage-first heap   total 133120K, used 9094K [0x0000000780000000, 0x0000000800000000)
  region size 1024K, 1 young (1024K), 1 survivors (1024K)
 Metaspace       used 9398K, committed 9664K, reserved 1114112K
  class space    used 1021K, committed 1152K, reserved 1048576K
}
Event: 1778.365 GC heap before
{Heap before GC invocations=297 (full 0):
 garbage-first heap   total 133120K, used 85894K [0x0000000780000000, 0x0000000800000000)
  region size 1024K, 76 young (77824K), 1 survivors (1024K)
 Metaspace       used 9398K, committed 9664K, reserved 1114112K
  class space    used 1021K, committed 1152K, reserved 1048576K
}
Event: 1778.365 GC heap after
{Heap after GC invocations=298 (full 0):
 garbage-first heap   total 133120K, used 9094K [0x0000000780000000, 0x0000000800000000)
  region size 1024K, 1 young (1024K), 1 survivors (1024K)
 Metaspace       used 9398K, committed 9664K, reserved 1114112K
  class space    used 1021K, committed 1152K, reserved 1048576K
}
Event: 1784.207 GC heap before
{Heap before GC invocations=298 (full 0):
 garbage-first heap   total 133120K, used 85894K [0x0000000780000000, 0x0000000800000000)
  region size 1024K, 76 young (77824K), 1 survivors (1024K)
 Metaspace       used 9398K, committed 9664K, reserved 1114112K
  class space    used 1021K, committed 1152K, reserved 1048576K
}
Event: 1784.208 GC heap after
{Heap after GC invocations=299 (full 0):
 garbage-first heap   total 133120K, used 9094K [0x0000000780000000, 0x0000000800000000)
  region size 1024K, 1 young (1024K), 1 survivors (1024K)
 Metaspace       used 9398K, committed 9664K, reserved 1114112K
  class space    used 1021K, committed 1152K, reserved 1048576K
}
Event: 1790.023 GC heap before
{Heap before GC invocations=299 (full 0):
 garbage-first heap   total 133120K, used 85894K [0x0000000780000000, 0x0000000800000000)
  region size 1024K, 76 young (77824K), 1 survivors (1024K)
 Metaspace       used 9398K, committed 9664K, reserved 1114112K
  class space    used 1021K, committed 1152K, reserved 1048576K
}
Event: 1790.024 GC heap after
{Heap after GC invocations=300 (full 0):
 garbage-first heap   total 133120K, used 9097K [0x0000000780000000, 0x0000000800000000)
  region size 1024K, 1 young (1024K), 1 survivors (1024K)
 Metaspace       used 9398K, committed 9664K, reserved 1114112K
  class space    used 1021K, committed 1152K, reserved 1048576K
}
Event: 1795.969 GC heap before
{Heap before GC invocations=300 (full 0):
 garbage-first heap   total 133120K, used 85897K [0x0000000780000000, 0x0000000800000000)
  region size 1024K, 76 young (77824K), 1 survivors (1024K)
 Metaspace       used 9398K, committed 9664K, reserved 1114112K
  class space    used 1021K, committed 1152K, reserved 1048576K
}
Event: 1795.970 GC heap after
{Heap after GC invocations=301 (full 0):
 garbage-first heap   total 133120K, used 9094K [0x0000000780000000, 0x0000000800000000)
  region size 1024K, 1 young (1024K), 1 survivors (1024K)
 Metaspace       used 9398K, committed 9664K, reserved 1114112K
  class space    used 1021K, committed 1152K, reserved 1048576K
}

Dll operation events (8 events):
Event: 0.008 Loaded shared library /Applications/Apache NetBeans.app/Contents/Home/lib/libjava.dylib
Event: 0.230 Loaded shared library /Applications/Apache NetBeans.app/Contents/Home/lib/libnio.dylib
Event: 0.231 Loaded shared library /Applications/Apache NetBeans.app/Contents/Home/lib/libjimage.dylib
Event: 0.248 Loaded shared library /Applications/Apache NetBeans.app/Contents/Home/lib/libzip.dylib
Event: 0.278 Loaded shared library /Applications/Apache NetBeans.app/Contents/Home/lib/libawt.dylib
Event: 0.361 Loaded shared library /Applications/Apache NetBeans.app/Contents/Home/lib/libawt_lwawt.dylib
Event: 0.470 Loaded shared library /Applications/Apache NetBeans.app/Contents/Home/lib/libfontmanager.dylib
Event: 1.037 Loaded shared library /Applications/Apache NetBeans.app/Contents/Home/lib/libosxui.dylib

Deoptimization events (20 events):
Event: 43.687 Thread 0x00007fa0ec19de00 DEOPT PACKING pc=0x000000011811341c sp=0x000000030b72b540
Event: 43.687 Thread 0x00007fa0ec19de00 DEOPT UNPACKING pc=0x000000011f32b710 sp=0x000000030b72aa28 mode 1
Event: 43.687 Thread 0x00007fa0ec19de00 DEOPT PACKING pc=0x000000011fa89258 sp=0x000000030b72b5b0
Event: 43.687 Thread 0x00007fa0ec19de00 DEOPT UNPACKING pc=0x000000011f32b710 sp=0x000000030b72aa08 mode 1
Event: 43.687 Thread 0x00007fa0ec19de00 DEOPT PACKING pc=0x000000011fa8698c sp=0x000000030b72b6c0
Event: 43.687 Thread 0x00007fa0ec19de00 DEOPT UNPACKING pc=0x000000011f32b710 sp=0x000000030b72ab08 mode 1
Event: 43.687 Thread 0x00007fa0ec19de00 DEOPT PACKING pc=0x000000011f976950 sp=0x000000030b72b710
Event: 43.687 Thread 0x00007fa0ec19de00 DEOPT UNPACKING pc=0x000000011f32b710 sp=0x000000030b72a9d8 mode 1
Event: 43.687 Thread 0x00007fa0ec19de00 DEOPT PACKING pc=0x000000011f9c32b8 sp=0x000000030b72b890
Event: 43.687 Thread 0x00007fa0ec19de00 DEOPT UNPACKING pc=0x000000011f32b710 sp=0x000000030b72ada0 mode 1
Event: 43.688 Thread 0x00007fa0ec19de00 Uncommon trap: trap_request=0xffffff45 fr.pc=0x000000011fb39c6c relative=0x000000000000006c
Event: 43.688 Thread 0x00007fa0ec19de00 Uncommon trap: reason=unstable_if action=reinterpret pc=0x000000011fb39c6c method=java.util.IdentityHashMap.keySet()Ljava/util/Set; @ 6 c2
Event: 43.688 Thread 0x00007fa0ec19de00 DEOPT PACKING pc=0x000000011fb39c6c sp=0x000000030b72b4d0
Event: 43.688 Thread 0x00007fa0ec19de00 DEOPT UNPACKING pc=0x000000011f32af93 sp=0x000000030b72b488 mode 2
Event: 51.327 Thread 0x00007fa0ed13a600 DEOPT PACKING pc=0x00000001181e3d82 sp=0x000000030b525910
Event: 51.327 Thread 0x00007fa0ed13a600 DEOPT UNPACKING pc=0x000000011f32b710 sp=0x000000030b524ed0 mode 0
Event: 1275.058 Thread 0x00007fa0ec19de00 Uncommon trap: trap_request=0xffffff45 fr.pc=0x000000011fb49b9c relative=0x000000000000009c
Event: 1275.058 Thread 0x00007fa0ec19de00 Uncommon trap: reason=unstable_if action=reinterpret pc=0x000000011fb49b9c method=jdk.internal.misc.Unsafe.getAndBitwiseAndInt(Ljava/lang/Object;JI)I @ 21 c2
Event: 1275.059 Thread 0x00007fa0ec19de00 DEOPT PACKING pc=0x000000011fb49b9c sp=0x000000030b72ae80
Event: 1275.059 Thread 0x00007fa0ec19de00 DEOPT UNPACKING pc=0x000000011f32af93 sp=0x000000030b72adb8 mode 2

Classes loaded (20 events):
Event: 24.190 Loading class sun/text/resources/cldr/FormatData_en_US
Event: 24.190 Loading class sun/text/resources/cldr/FormatData_en_US done
Event: 32.906 Loading class java/lang/Throwable$WrappedPrintStream
Event: 32.906 Loading class java/lang/Throwable$PrintStreamOrWriter
Event: 32.906 Loading class java/lang/Throwable$PrintStreamOrWriter done
Event: 32.906 Loading class java/lang/Throwable$WrappedPrintStream done
Event: 32.907 Loading class java/lang/StackTraceElement$HashedModules
Event: 32.908 Loading class java/lang/StackTraceElement$HashedModules done
Event: 32.913 Loading class sun/awt/DebugSettings
Event: 32.914 Loading class sun/awt/DebugSettings done
Event: 32.919 Loading class javax/swing/JComponent$KeyboardState
Event: 32.920 Loading class javax/swing/JComponent$KeyboardState done
Event: 32.920 Loading class javax/swing/JComponent$IntVector
Event: 32.920 Loading class javax/swing/JComponent$IntVector done
Event: 32.920 Loading class javax/swing/Popup$HeavyWeightWindow
Event: 32.920 Loading class javax/swing/JWindow
Event: 32.921 Loading class javax/swing/JWindow done
Event: 32.922 Loading class javax/swing/Popup$HeavyWeightWindow done
Event: 39.814 Loading class java/awt/image/BufferedImageOp
Event: 39.815 Loading class java/awt/image/BufferedImageOp done

Classes unloaded (0 events):
No events

Classes redefined (0 events):
No events

Internal exceptions (20 events):
Event: 1.456 Thread 0x00007fa0ed019200 Exception <a 'java/lang/NoSuchMethodError'{0x0000000787b46798}: 'void java.lang.invoke.DirectMethodHandle$Holder.invokeStatic(java.lang.Object, int, long)'> (0x0000000787b46798) 
thrown [src/hotspot/share/interpreter/linkResolver.cpp, line 773]
Event: 1.491 Thread 0x00007fa0ed019200 Exception <a 'java/lang/NoSuchMethodError'{0x0000000787b6ab98}: 'java.lang.Object java.lang.invoke.Invokers$Holder.linkToTargetMethod(int, int, int, int, java.lang.Object)'> (0x0000000787b6ab98) 
thrown [src/hotspot/share/interpreter/linkResolver.cpp, line 773]
Event: 1.493 Thread 0x00007fa0ed019200 Exception <a 'java/lang/NoSuchMethodError'{0x0000000787b6e2c0}: 'void java.lang.invoke.DirectMethodHandle$Holder.invokeStatic(java.lang.Object, java.lang.Object, long)'> (0x0000000787b6e2c0) 
thrown [src/hotspot/share/interpreter/linkResolver.cpp, line 773]
Event: 1.495 Thread 0x00007fa0ec0b7a00 Exception <a 'java/lang/NoSuchMethodError'{0x0000000787d7d010}: 'void java.lang.invoke.DirectMethodHandle$Holder.invokeStatic(java.lang.Object, java.lang.Object, long)'> (0x0000000787d7d010) 
thrown [src/hotspot/share/interpreter/linkResolver.cpp, line 773]
Event: 1.519 Thread 0x00007fa0ec0b7a00 Exception <a 'java/lang/NoSuchMethodError'{0x0000000787db3320}: 'void java.lang.invoke.DirectMethodHandle$Holder.invokeSpecial(java.lang.Object, java.lang.Object, long)'> (0x0000000787db3320) 
thrown [src/hotspot/share/interpreter/linkResolver.cpp, line 773]
Event: 1.557 Thread 0x00007fa0ec0b7a00 Exception <a 'java/lang/NoSuchMethodError'{0x0000000787dbf4c8}: 'void java.lang.invoke.DirectMethodHandle$Holder.invokeStatic(java.lang.Object, long)'> (0x0000000787dbf4c8) 
thrown [src/hotspot/share/interpreter/linkResolver.cpp, line 773]
Event: 3.099 Thread 0x00007fa0ed019200 Exception <a 'java/lang/NoSuchMethodError'{0x000000078799f1b8}: 'void java.lang.invoke.DirectMethodHandle$Holder.invokeStatic(java.lang.Object, long, long)'> (0x000000078799f1b8) 
thrown [src/hotspot/share/interpreter/linkResolver.cpp, line 773]
Event: 3.100 Thread 0x00007fa0ed019200 Exception <a 'java/lang/NoSuchMethodError'{0x00000007879a3f68}: 'java.lang.Object java.lang.invoke.DirectMethodHandle$Holder.newInvokeSpecial(java.lang.Object, long)'> (0x00000007879a3f68) 
thrown [src/hotspot/share/interpreter/linkResolver.cpp, line 773]
Event: 3.102 Thread 0x00007fa0ed019200 Exception <a 'java/lang/NoSuchMethodError'{0x00000007879ad2a0}: 'java.lang.Object java.lang.invoke.DirectMethodHandle$Holder.newInvokeSpecial(java.lang.Object, java.lang.Object, int)'> (0x00000007879ad2a0) 
thrown [src/hotspot/share/interpreter/linkResolver.cpp, line 773]
Event: 21.541 Thread 0x00007fa0ec19de00 Implicit null exception at 0x000000011f8ae22c to 0x000000011f8ae63e
Event: 21.568 Thread 0x00007fa0ec19de00 Implicit null exception at 0x000000011f8b306c to 0x000000011f8b41a0
Event: 21.614 Thread 0x00007fa0ec19de00 Exception <a 'java/lang/NoSuchMethodError'{0x0000000784ee8760}: 'void java.lang.invoke.DirectMethodHandle$Holder.invokeStatic(java.lang.Object, java.lang.Object)'> (0x0000000784ee8760) 
thrown [src/hotspot/share/interpreter/linkResolver.cpp, line 773]
Event: 21.665 Thread 0x00007fa0ec19de00 Exception <a 'java/lang/NoSuchMethodError'{0x0000000784a03458}: 'int java.lang.invoke.DirectMethodHandle$Holder.invokeStatic(java.lang.Object)'> (0x0000000784a03458) 
thrown [src/hotspot/share/interpreter/linkResolver.cpp, line 773]
Event: 21.674 Thread 0x00007fa0ec19de00 Implicit null exception at 0x000000011f917e46 to 0x000000011f9183f8
Event: 21.746 Thread 0x00007fa0ec19de00 Exception <a 'java/lang/NoSuchMethodError'{0x0000000784a35078}: 'java.lang.Object java.lang.invoke.DirectMethodHandle$Holder.invokeSpecial(java.lang.Object, java.lang.Object, double, double)'> (0x0000000784a35078) 
thrown [src/hotspot/share/interpreter/linkResolver.cpp, line 773]
Event: 21.750 Thread 0x00007fa0ec19de00 Exception <a 'java/lang/NoSuchMethodError'{0x0000000784a4a428}: 'java.lang.Object java.lang.invoke.DirectMethodHandle$Holder.newInvokeSpecial(java.lang.Object, java.lang.Object, int, int)'> (0x0000000784a4a428) 
thrown [src/hotspot/share/interpreter/linkResolver.cpp, line 773]
Event: 21.753 Thread 0x00007fa0ec19de00 Exception <a 'java/lang/NoSuchMethodError'{0x0000000784a6ace8}: 'java.lang.Object java.lang.invoke.DirectMethodHandle$Holder.newInvokeSpecial(java.lang.Object, java.lang.Object, int, int, int, int)'> (0x0000000784a6ace8) 
thrown [src/hotspot/share/interpreter/linkResolver.cpp, line 773]
Event: 21.889 Thread 0x00007fa0ec19de00 Implicit null exception at 0x000000011f957f2c to 0x000000011f960ee4
Event: 24.269 Thread 0x00007fa0ec19de00 Implicit null exception at 0x000000011f9c81b2 to 0x000000011f9cac24
Event: 32.926 Thread 0x00007fa0ec19de00 Implicit null exception at 0x000000011f9f4ab6 to 0x000000011f9f4c70

ZGC Phase Switch (0 events):
No events

VM Operations (20 events):
Event: 1743.218 Executing VM operation: G1CollectForAllocation (G1 Evacuation Pause)
Event: 1743.219 Executing VM operation: G1CollectForAllocation (G1 Evacuation Pause) done
Event: 1749.088 Executing VM operation: G1CollectForAllocation (G1 Evacuation Pause)
Event: 1749.089 Executing VM operation: G1CollectForAllocation (G1 Evacuation Pause) done
Event: 1754.926 Executing VM operation: G1CollectForAllocation (G1 Evacuation Pause)
Event: 1754.927 Executing VM operation: G1CollectForAllocation (G1 Evacuation Pause) done
Event: 1760.818 Executing VM operation: G1CollectForAllocation (G1 Evacuation Pause)
Event: 1760.819 Executing VM operation: G1CollectForAllocation (G1 Evacuation Pause) done
Event: 1766.668 Executing VM operation: G1CollectForAllocation (G1 Evacuation Pause)
Event: 1766.669 Executing VM operation: G1CollectForAllocation (G1 Evacuation Pause) done
Event: 1772.522 Executing VM operation: G1CollectForAllocation (G1 Evacuation Pause)
Event: 1772.523 Executing VM operation: G1CollectForAllocation (G1 Evacuation Pause) done
Event: 1778.364 Executing VM operation: G1CollectForAllocation (G1 Evacuation Pause)
Event: 1778.365 Executing VM operation: G1CollectForAllocation (G1 Evacuation Pause) done
Event: 1784.207 Executing VM operation: G1CollectForAllocation (G1 Evacuation Pause)
Event: 1784.208 Executing VM operation: G1CollectForAllocation (G1 Evacuation Pause) done
Event: 1790.023 Executing VM operation: G1CollectForAllocation (G1 Evacuation Pause)
Event: 1790.024 Executing VM operation: G1CollectForAllocation (G1 Evacuation Pause) done
Event: 1795.969 Executing VM operation: G1CollectForAllocation (G1 Evacuation Pause)
Event: 1795.970 Executing VM operation: G1CollectForAllocation (G1 Evacuation Pause) done

Events (20 events):
Event: 0.188 Thread 0x00007fa0ec0b5e00 Thread added: 0x00007fa0ec0b5e00
Event: 0.188 Protecting memory [0x000000030aef4000,0x000000030aef8000] with protection modes 0
Event: 0.494 Protecting memory [0x0000000309228000,0x000000030922c000] with protection modes 0
Event: 0.494 Thread 0x00007fa0ec0b7a00 Thread added: 0x00007fa0ec0b7a00
Event: 0.675 Thread 0x00007fa0ec0fce00 Thread added: 0x00007fa0ec0fce00
Event: 0.675 Protecting memory [0x000000030aff7000,0x000000030affb000] with protection modes 0
Event: 1.175 Thread 0x00007fa0ed13a600 Thread added: 0x00007fa0ed13a600
Event: 1.175 Protecting memory [0x000000030b426000,0x000000030b42a000] with protection modes 0
Event: 1.190 Thread 0x00007fa0ec19aa00 Thread added: 0x00007fa0ec19aa00
Event: 1.190 Protecting memory [0x000000030b529000,0x000000030b52d000] with protection modes 0
Event: 1.262 Thread 0x00007fa0ec19de00 Thread added: 0x00007fa0ec19de00
Event: 1.262 Protecting memory [0x000000030b62c000,0x000000030b630000] with protection modes 0
Event: 1.576 Thread 0x00007fa0eb861600 Thread added: 0x00007fa0eb861600
Event: 1.576 Protecting memory [0x000000030b7b2000,0x000000030b7b6000] with protection modes 0
Event: 3.123 Protecting memory [0x0000000309aab000,0x0000000309aaf000] with protection modes 3
Event: 3.123 Thread 0x00007fa0ed019200 Thread exited: 0x00007fa0ed019200
Event: 3.125 Protecting memory [0x0000000309aab000,0x0000000309aaf000] with protection modes 0
Event: 3.125 Thread 0x00007fa0ec0b0400 Thread added: 0x00007fa0ec0b0400
Event: 21.791 Thread 0x00007fa0ec1bc600 Thread added: 0x00007fa0ec1bc600
Event: 21.791 Protecting memory [0x000000030bfca000,0x000000030bfce000] with protection modes 0


Dynamic libraries:
0x000000010b477000 	/Applications/Apache NetBeans.app/Contents/Home/lib/libjli.dylib
0x00007ff812f08000 	/usr/lib/libz.1.dylib
0x00007ff812ff0000 	/usr/lib/libSystem.B.dylib
0x00007ff812fea000 	/usr/lib/system/libcache.dylib
0x00007ff812fa6000 	/usr/lib/system/libcommonCrypto.dylib
0x00007ff812fce000 	/usr/lib/system/libcompiler_rt.dylib
0x00007ff812fc3000 	/usr/lib/system/libcopyfile.dylib
0x00007ff80541d000 	/usr/lib/system/libcorecrypto.dylib
0x00007ff805514000 	/usr/lib/system/libdispatch.dylib
0x00007ff8056be000 	/usr/lib/system/libdyld.dylib
0x00007ff812fe0000 	/usr/lib/system/libkeymgr.dylib
0x00007ff812f87000 	/usr/lib/system/libmacho.dylib
0x00007ff8122b6000 	/usr/lib/system/libquarantine.dylib
0x00007ff812fde000 	/usr/lib/system/libremovefile.dylib
0x00007ff80acbd000 	/usr/lib/system/libsystem_asl.dylib
0x00007ff8053b7000 	/usr/lib/system/libsystem_blocks.dylib
0x00007ff80555e000 	/usr/lib/system/libsystem_c.dylib
0x00007ff812fd6000 	/usr/lib/system/libsystem_collections.dylib
0x00007ff811107000 	/usr/lib/system/libsystem_configuration.dylib
0x00007ff810130000 	/usr/lib/system/libsystem_containermanager.dylib
0x00007ff812bd8000 	/usr/lib/system/libsystem_coreservices.dylib
0x00007ff808875000 	/usr/lib/system/libsystem_darwin.dylib
0x00007ffc19ebc000 	/usr/lib/system/libsystem_darwindirectory.dylib
0x00007ff812fe1000 	/usr/lib/system/libsystem_dnssd.dylib
0x00007ffc19ec0000 	/usr/lib/system/libsystem_eligibility.dylib
0x00007ff80555b000 	/usr/lib/system/libsystem_featureflags.dylib
0x00007ff8056ee000 	/usr/lib/system/libsystem_info.dylib
0x00007ff812f1c000 	/usr/lib/system/libsystem_m.dylib
0x00007ff8054d4000 	/usr/lib/system/libsystem_malloc.dylib
0x00007ff80ac31000 	/usr/lib/system/libsystem_networkextension.dylib
0x00007ff808cc1000 	/usr/lib/system/libsystem_notify.dylib
0x00007ff81110b000 	/usr/lib/system/libsystem_sandbox.dylib
0x00007ffc19ec3000 	/usr/lib/system/libsystem_sanitizers.dylib
0x00007ff812fdb000 	/usr/lib/system/libsystem_secinit.dylib
0x00007ff805677000 	/usr/lib/system/libsystem_kernel.dylib
0x00007ff8056e3000 	/usr/lib/system/libsystem_platform.dylib
0x00007ff8056b2000 	/usr/lib/system/libsystem_pthread.dylib
0x00007ff80c932000 	/usr/lib/system/libsystem_symptoms.dylib
0x00007ff805403000 	/usr/lib/system/libsystem_trace.dylib
0x00007ff812fb2000 	/usr/lib/system/libunwind.dylib
0x00007ff8053bb000 	/usr/lib/system/libxpc.dylib
0x00007ff805661000 	/usr/lib/libc++abi.dylib
0x00007ff8052e4000 	/usr/lib/libobjc.A.dylib
0x00007ff812fbb000 	/usr/lib/liboah.dylib
0x00007ff8055e6000 	/usr/lib/libc++.1.dylib
0x00007ff820f07000 	/System/Library/Frameworks/Cocoa.framework/Versions/A/Cocoa
0x00007ff808d26000 	/System/Library/Frameworks/AppKit.framework/Versions/C/AppKit
0x00007ff80c091000 	/System/Library/Frameworks/CoreData.framework/Versions/A/CoreData
0x00007ff80664a000 	/System/Library/Frameworks/Foundation.framework/Versions/C/Foundation
0x00007ff80a157000 	/System/Library/PrivateFrameworks/UIFoundation.framework/Versions/A/UIFoundation
0x00007ffb0f121000 	/System/Library/PrivateFrameworks/CollectionViewCore.framework/Versions/A/CollectionViewCore
0x00007ff81a6d1000 	/System/Library/PrivateFrameworks/RemoteViewServices.framework/Versions/A/RemoteViewServices
0x00007ff81090c000 	/System/Library/PrivateFrameworks/XCTTargetBootstrap.framework/Versions/A/XCTTargetBootstrap
0x00007ff815aca000 	/System/Library/PrivateFrameworks/InternationalSupport.framework/Versions/A/InternationalSupport
0x00007ff815b1e000 	/System/Library/PrivateFrameworks/UserActivity.framework/Versions/A/UserActivity
0x00007ffc114c2000 	/System/Library/PrivateFrameworks/WindowManagement.framework/Versions/A/WindowManagement
0x00007ff8062f9000 	/System/Library/Frameworks/SystemConfiguration.framework/Versions/A/SystemConfiguration
0x00007ff814e3e000 	/usr/lib/libspindump.dylib
0x00007ff80a334000 	/System/Library/Frameworks/UniformTypeIdentifiers.framework/Versions/A/UniformTypeIdentifiers
0x00007ff80e8f7000 	/usr/lib/libapp_launch_measurement.dylib
0x00007ff80d5db000 	/System/Library/PrivateFrameworks/CoreAnalytics.framework/Versions/A/CoreAnalytics
0x00007ff80e8fa000 	/System/Library/PrivateFrameworks/CoreAutoLayout.framework/Versions/A/CoreAutoLayout
0x00007ff810178000 	/System/Library/Frameworks/Metal.framework/Versions/A/Metal
0x00007ff811117000 	/usr/lib/liblangid.dylib
0x00007ff810911000 	/System/Library/PrivateFrameworks/CoreSVG.framework/Versions/A/CoreSVG
0x00007ff80acf2000 	/System/Library/PrivateFrameworks/SkyLight.framework/Versions/A/SkyLight
0x00007ff80b155000 	/System/Library/Frameworks/CoreGraphics.framework/Versions/A/CoreGraphics
0x00007ff81ada6000 	/System/Library/Frameworks/Accelerate.framework/Versions/A/Accelerate
0x00007ff814c9e000 	/System/Library/PrivateFrameworks/IconServices.framework/Versions/A/IconServices
0x00007ff810159000 	/System/Library/Frameworks/IOSurface.framework/Versions/A/IOSurface
0x00007ff80d607000 	/usr/lib/libDiagnosticMessagesClient.dylib
0x00007ff81e7d8000 	/System/Library/Frameworks/ApplicationServices.framework/Versions/A/ApplicationServices
0x00007ff8108f9000 	/System/Library/PrivateFrameworks/DFRFoundation.framework/Versions/A/DFRFoundation
0x00007ff8085d4000 	/usr/lib/libicucore.A.dylib
0x00007ff816a6c000 	/System/Library/Frameworks/AudioToolbox.framework/Versions/A/AudioToolbox
0x00007ff815ad9000 	/System/Library/PrivateFrameworks/DataDetectorsCore.framework/Versions/A/DataDetectorsCore
0x00007ff90ff8f000 	/System/Library/PrivateFrameworks/TextInput.framework/Versions/A/TextInput
0x00007ff80ac4b000 	/usr/lib/libMobileGestalt.dylib
0x00007ff81065e000 	/System/Library/Frameworks/Carbon.framework/Versions/A/Frameworks/HIToolbox.framework/Versions/A/HIToolbox
0x00007ff80e253000 	/System/Library/Frameworks/QuartzCore.framework/Versions/A/QuartzCore
0x00007ff808226000 	/System/Library/Frameworks/Security.framework/Versions/A/Security
0x00007ff81a709000 	/System/Library/Frameworks/Carbon.framework/Versions/A/Frameworks/SpeechRecognition.framework/Versions/A/SpeechRecognition
0x00007ff80e62a000 	/System/Library/PrivateFrameworks/CoreUI.framework/Versions/A/CoreUI
0x00007ff807afb000 	/System/Library/Frameworks/CoreAudio.framework/Versions/A/CoreAudio
0x00007ff80d6e7000 	/System/Library/Frameworks/DiskArbitration.framework/Versions/A/DiskArbitration
0x00007ff815270000 	/System/Library/PrivateFrameworks/MultitouchSupport.framework/Versions/A/MultitouchSupport
0x00007ff80ac4a000 	/usr/lib/libenergytrace.dylib
0x00007ff905840000 	/System/Library/PrivateFrameworks/RenderBox.framework/Versions/A/RenderBox
0x00007ff808bfd000 	/System/Library/Frameworks/IOKit.framework/Versions/A/IOKit
0x00007ff81aade000 	/System/Library/Frameworks/CoreServices.framework/Versions/A/CoreServices
0x00007ff80e88f000 	/System/Library/PrivateFrameworks/PerformanceAnalysis.framework/Versions/A/PerformanceAnalysis
0x00007ffa1f0ed000 	/System/Library/Frameworks/OpenGL.framework/Versions/A/OpenGL
0x00007ff80e943000 	/usr/lib/libxml2.2.dylib
0x00007ff8121da000 	/System/Library/PrivateFrameworks/MobileKeyBag.framework/Versions/A/MobileKeyBag
0x00007ff81aa5a000 	/System/Library/Frameworks/Accessibility.framework/Versions/A/Accessibility
0x00007ff80b9eb000 	/System/Library/Frameworks/ColorSync.framework/Versions/A/ColorSync
0x00007ff805719000 	/System/Library/Frameworks/CoreFoundation.framework/Versions/A/CoreFoundation
0x00007ff810c84000 	/System/Library/Frameworks/CoreImage.framework/Versions/A/CoreImage
0x00007ff8078f4000 	/System/Library/Frameworks/CoreText.framework/Versions/A/CoreText
0x00007ffb0530b000 	/System/Library/Frameworks/CoreTransferable.framework/Versions/A/CoreTransferable
0x00007ffb05710000 	/System/Library/Frameworks/DeveloperToolsSupport.framework/Versions/A/DeveloperToolsSupport
0x00007ff81094a000 	/System/Library/Frameworks/ImageIO.framework/Versions/A/ImageIO
0x00007ffb09aa4000 	/System/Library/Frameworks/Symbols.framework/Versions/A/Symbols
0x00007ff812ff5000 	/System/Library/PrivateFrameworks/SoftLinking.framework/Versions/A/SoftLinking
0x00007ff8164dc000 	/usr/lib/swift/libswiftCore.dylib
0x00007ff90cb51000 	/usr/lib/swift/libswiftCoreFoundation.dylib
0x00007ff90a7aa000 	/usr/lib/swift/libswiftCoreGraphics.dylib
0x00007ff90cb8f000 	/usr/lib/swift/libswiftCoreImage.dylib
0x00007ff90a7b1000 	/usr/lib/swift/libswiftDarwin.dylib
0x00007ff81c44a000 	/usr/lib/swift/libswiftDispatch.dylib
0x00007ff90cb90000 	/usr/lib/swift/libswiftIOKit.dylib
0x00007ff918c0a000 	/usr/lib/swift/libswiftMetal.dylib
0x00007ffa062d5000 	/usr/lib/swift/libswiftOSLog.dylib
0x00007ff81ec44000 	/usr/lib/swift/libswiftObjectiveC.dylib
0x00007ff91d1cc000 	/usr/lib/swift/libswiftQuartzCore.dylib
0x00007ff9212da000 	/usr/lib/swift/libswiftUniformTypeIdentifiers.dylib
0x00007ff90cb61000 	/usr/lib/swift/libswiftXPC.dylib
0x00007ffc19b8e000 	/usr/lib/swift/libswift_Concurrency.dylib
0x00007ff81ec48000 	/usr/lib/swift/libswiftos.dylib
0x00007ff90fef1000 	/usr/lib/swift/libswiftsimd.dylib
0x00007ff81318e000 	/usr/lib/libcompression.dylib
0x00007ff815a0a000 	/System/Library/PrivateFrameworks/TextureIO.framework/Versions/A/TextureIO
0x00007ff8148a9000 	/usr/lib/libate.dylib
0x00007ff81462f000 	/usr/lib/liblzma.5.dylib
0x00007ff812ff2000 	/usr/lib/libfakelink.dylib
0x00007ff80a882000 	/System/Library/Frameworks/CFNetwork.framework/Versions/A/CFNetwork
0x00007ff813044000 	/usr/lib/libarchive.2.dylib
0x00007ff818952000 	/System/Library/Frameworks/Combine.framework/Versions/A/Combine
0x00007ffb0f136000 	/System/Library/PrivateFrameworks/CollectionsInternal.framework/Versions/A/CollectionsInternal
0x00007ffb24542000 	/System/Library/PrivateFrameworks/ReflectionInternal.framework/Versions/A/ReflectionInternal
0x00007ffb24ac2000 	/System/Library/PrivateFrameworks/RuntimeInternal.framework/Versions/A/RuntimeInternal
0x00007ffc19cc9000 	/usr/lib/swift/libswift_StringProcessing.dylib
0x00007ff808b7b000 	/System/Library/PrivateFrameworks/CoreServicesInternal.framework/Versions/A/CoreServicesInternal
0x00007ff8122db000 	/usr/lib/libbsm.0.dylib
0x00007ff812f8d000 	/usr/lib/system/libkxld.dylib
0x00007ff80e8c2000 	/System/Library/Frameworks/CoreServices.framework/Versions/A/Frameworks/FSEvents.framework/Versions/A/FSEvents
0x00007ff808880000 	/System/Library/Frameworks/CoreServices.framework/Versions/A/Frameworks/CarbonCore.framework/Versions/A/CarbonCore
0x00007ff80d64f000 	/System/Library/Frameworks/CoreServices.framework/Versions/A/Frameworks/Metadata.framework/Versions/A/Metadata
0x00007ff812bde000 	/System/Library/Frameworks/CoreServices.framework/Versions/A/Frameworks/OSServices.framework/Versions/A/OSServices
0x00007ff8130cd000 	/System/Library/Frameworks/CoreServices.framework/Versions/A/Frameworks/SearchKit.framework/Versions/A/SearchKit
0x00007ff80c8b8000 	/System/Library/Frameworks/CoreServices.framework/Versions/A/Frameworks/AE.framework/Versions/A/AE
0x00007ff805bb3000 	/System/Library/Frameworks/CoreServices.framework/Versions/A/Frameworks/LaunchServices.framework/Versions/A/LaunchServices
0x00007ff8145e0000 	/System/Library/Frameworks/CoreServices.framework/Versions/A/Frameworks/DictionaryServices.framework/Versions/A/DictionaryServices
0x00007ff80e8cf000 	/System/Library/Frameworks/CoreServices.framework/Versions/A/Frameworks/SharedFileList.framework/Versions/A/SharedFileList
0x00007ff813158000 	/usr/lib/libapple_nghttp2.dylib
0x00007ff80c52d000 	/usr/lib/libsqlite3.dylib
0x00007ff80c93a000 	/System/Library/Frameworks/Network.framework/Versions/A/Network
0x00007ffc1853e000 	/usr/lib/libCoreEntitlements.dylib
0x00007ffb1fd0c000 	/System/Library/PrivateFrameworks/MessageSecurity.framework/Versions/A/MessageSecurity
0x00007ff80c514000 	/System/Library/PrivateFrameworks/ProtocolBuffer.framework/Versions/A/ProtocolBuffer
0x00007ff812afb000 	/System/Library/PrivateFrameworks/AppleFSCompression.framework/Versions/A/AppleFSCompression
0x00007ff8122c3000 	/usr/lib/libcoretls.dylib
0x00007ff81464e000 	/usr/lib/libcoretls_cfhelpers.dylib
0x00007ff813188000 	/usr/lib/libpam.2.dylib
0x00007ff8146c7000 	/usr/lib/libxar.1.dylib
0x00007ff814c77000 	/usr/lib/libheimdal-asn1.dylib
0x00007ff80a881000 	/usr/lib/libnetwork.dylib
0x00007ff812ff6000 	/usr/lib/libpcap.A.dylib
0x00007ff80c928000 	/usr/lib/libdns_services.dylib
0x00007ff811112000 	/System/Library/PrivateFrameworks/AppleSystemInfo.framework/Versions/A/AppleSystemInfo
0x00007ff811fdb000 	/System/Library/PrivateFrameworks/IOMobileFramebuffer.framework/Versions/A/IOMobileFramebuffer
0x00007ffc19c1b000 	/usr/lib/swift/libswift_RegexParser.dylib
0x00007ff812bc9000 	/usr/lib/libbz2.1.0.dylib
0x00007ff8122b9000 	/usr/lib/libCheckFix.dylib
0x00007ff80acd4000 	/System/Library/PrivateFrameworks/TCC.framework/Versions/A/TCC
0x00007ff811119000 	/System/Library/PrivateFrameworks/CoreNLP.framework/Versions/A/CoreNLP
0x00007ff80d609000 	/System/Library/PrivateFrameworks/MetadataUtilities.framework/Versions/A/MetadataUtilities
0x00007ff8122eb000 	/usr/lib/libmecab.dylib
0x00007ff806380000 	/usr/lib/libCRFSuite.dylib
0x00007ff812344000 	/usr/lib/libgermantok.dylib
0x00007ff813133000 	/usr/lib/libThaiTokenizer.dylib
0x00007ff80d6ef000 	/System/Library/Frameworks/Accelerate.framework/Versions/A/Frameworks/vImage.framework/Versions/A/vImage
0x00007ff81aab4000 	/System/Library/Frameworks/Accelerate.framework/Versions/A/Frameworks/vecLib.framework/Versions/A/vecLib
0x00007ff814709000 	/System/Library/Frameworks/Accelerate.framework/Versions/A/Frameworks/vecLib.framework/Versions/A/libvMisc.dylib
0x00007ff811dab000 	/System/Library/Frameworks/Accelerate.framework/Versions/A/Frameworks/vecLib.framework/Versions/A/libvDSP.dylib
0x00007ff805fc0000 	/System/Library/Frameworks/Accelerate.framework/Versions/A/Frameworks/vecLib.framework/Versions/A/libBLAS.dylib
0x00007ff813270000 	/System/Library/Frameworks/Accelerate.framework/Versions/A/Frameworks/vecLib.framework/Versions/A/libLAPACK.dylib
0x00007ff812347000 	/System/Library/Frameworks/Accelerate.framework/Versions/A/Frameworks/vecLib.framework/Versions/A/libLinearAlgebra.dylib
0x00007ff813173000 	/System/Library/Frameworks/Accelerate.framework/Versions/A/Frameworks/vecLib.framework/Versions/A/libSparseBLAS.dylib
0x00007ff81326a000 	/System/Library/Frameworks/Accelerate.framework/Versions/A/Frameworks/vecLib.framework/Versions/A/libQuadrature.dylib
0x00007ff81122f000 	/System/Library/Frameworks/Accelerate.framework/Versions/A/Frameworks/vecLib.framework/Versions/A/libBNNS.dylib
0x00007ff806281000 	/System/Library/Frameworks/Accelerate.framework/Versions/A/Frameworks/vecLib.framework/Versions/A/libSparse.dylib
0x00007ffb1e5b1000 	/System/Library/PrivateFrameworks/MIL.framework/Versions/A/MIL
0x00007ff81302c000 	/usr/lib/libiconv.2.dylib
0x00007ff812f86000 	/usr/lib/libcharset.1.dylib
0x00007ff80e8a6000 	/System/Library/Frameworks/OpenDirectory.framework/Versions/A/Frameworks/CFOpenDirectory.framework/Versions/A/CFOpenDirectory
0x00007ff80e89a000 	/System/Library/Frameworks/OpenDirectory.framework/Versions/A/OpenDirectory
0x00007ff814650000 	/System/Library/PrivateFrameworks/APFS.framework/Versions/A/APFS
0x00007ff8121fe000 	/System/Library/Frameworks/SecurityFoundation.framework/Versions/A/SecurityFoundation
0x00007ff8146d5000 	/usr/lib/libutil.dylib
0x00007ffb1c9b1000 	/System/Library/PrivateFrameworks/InstalledContentLibrary.framework/Versions/A/InstalledContentLibrary
0x00007ff808bbd000 	/System/Library/PrivateFrameworks/CoreServicesStore.framework/Versions/A/CoreServicesStore
0x00007ffb0cd2d000 	/System/Library/PrivateFrameworks/AppleMobileFileIntegrity.framework/Versions/A/AppleMobileFileIntegrity
0x00007ff90cb23000 	/usr/lib/libmis.dylib
0x00007ff91d6a8000 	/System/Library/PrivateFrameworks/MobileSystemServices.framework/Versions/A/MobileSystemServices
0x00007ffa1adbb000 	/System/Library/PrivateFrameworks/ConfigProfileHelper.framework/Versions/A/ConfigProfileHelper
0x00007ff813135000 	/System/Library/PrivateFrameworks/AppleSauce.framework/Versions/A/AppleSauce
0x00007ff807281000 	/System/Library/PrivateFrameworks/LanguageModeling.framework/Versions/A/LanguageModeling
0x00007ff8146d9000 	/usr/lib/libxslt.1.dylib
0x00007ff813033000 	/usr/lib/libcmph.dylib
0x00007ff811fa9000 	/System/Library/PrivateFrameworks/CoreEmoji.framework/Versions/A/CoreEmoji
0x00007ff811229000 	/System/Library/PrivateFrameworks/LinguisticData.framework/Versions/A/LinguisticData
0x00007ff806198000 	/System/Library/PrivateFrameworks/Lexicon.framework/Versions/A/Lexicon
0x00007ff812287000 	/System/Library/PrivateFrameworks/BackgroundTaskManagement.framework/Versions/A/BackgroundTaskManagement
0x00007ffc186ad000 	/usr/lib/libTLE.dylib
0x00007ff81513a000 	/System/Library/PrivateFrameworks/AppleJPEG.framework/Versions/A/AppleJPEG
0x00007ff814c5c000 	/usr/lib/libexpat.1.dylib
0x00007ff815863000 	/System/Library/Frameworks/ImageIO.framework/Versions/A/Resources/libPng.dylib
0x00007ff815890000 	/System/Library/Frameworks/ImageIO.framework/Versions/A/Resources/libTIFF.dylib
0x00007ff815984000 	/System/Library/Frameworks/ImageIO.framework/Versions/A/Resources/libGIF.dylib
0x00007ff815186000 	/System/Library/Frameworks/ImageIO.framework/Versions/A/Resources/libJP2.dylib
0x00007ff815924000 	/System/Library/Frameworks/ImageIO.framework/Versions/A/Resources/libJPEG.dylib
0x00007ff81591b000 	/System/Library/Frameworks/ImageIO.framework/Versions/A/Resources/libRadiance.dylib
0x00007ff8104fe000 	/System/Library/PrivateFrameworks/FontServices.framework/libFontParser.dylib
0x00007ff80c855000 	/System/Library/PrivateFrameworks/RunningBoardServices.framework/Versions/A/RunningBoardServices
0x00007ff8216da000 	/System/Library/PrivateFrameworks/IOSurfaceAccelerator.framework/Versions/A/IOSurfaceAccelerator
0x00007ff81526e000 	/System/Library/PrivateFrameworks/WatchdogClient.framework/Versions/A/WatchdogClient
0x00007ff80744e000 	/System/Library/Frameworks/CoreDisplay.framework/Versions/A/CoreDisplay
0x00007ff8103cd000 	/System/Library/Frameworks/CoreMedia.framework/Versions/A/CoreMedia
0x00007ff81016f000 	/System/Library/PrivateFrameworks/IOAccelerator.framework/Versions/A/IOAccelerator
0x00007ff80ea23000 	/System/Library/Frameworks/CoreVideo.framework/Versions/A/CoreVideo
0x00007ff813186000 	/System/Library/Frameworks/MetalPerformanceShaders.framework/Versions/A/MetalPerformanceShaders
0x00007ff8152ad000 	/System/Library/Frameworks/VideoToolbox.framework/Versions/A/VideoToolbox
0x00007ff80eab0000 	/System/Library/PrivateFrameworks/UserManagement.framework/Versions/A/UserManagement
0x00007ff80c77e000 	/System/Library/PrivateFrameworks/BaseBoard.framework/Versions/A/BaseBoard
0x00007ff811111000 	/System/Library/PrivateFrameworks/AggregateDictionary.framework/Versions/A/AggregateDictionary
0x00007ffb0cb2b000 	/System/Library/PrivateFrameworks/AppleKeyStore.framework/Versions/A/AppleKeyStore
0x00007ff815914000 	/System/Library/PrivateFrameworks/GPUWrangler.framework/Versions/A/GPUWrangler
0x00007ff8158f8000 	/System/Library/PrivateFrameworks/IOPresentment.framework/Versions/A/IOPresentment
0x00007ff81591e000 	/System/Library/PrivateFrameworks/DSExternalDisplay.framework/Versions/A/DSExternalDisplay
0x00007ffb18973000 	/System/Library/PrivateFrameworks/GPUCompiler.framework/Versions/32023/Libraries/libllvm-flatbuffers.dylib
0x00007ffa1f0e1000 	/System/Library/Frameworks/OpenGL.framework/Versions/A/Libraries/libCoreFSCache.dylib
0x00007ffb15af9000 	/System/Library/PrivateFrameworks/GPUCompiler.framework/Versions/32023/Libraries/libGPUCompilerUtils.dylib
0x00007ff81598a000 	/System/Library/PrivateFrameworks/CMCaptureCore.framework/Versions/A/CMCaptureCore
0x00007ffb0580c000 	/System/Library/Frameworks/ExtensionFoundation.framework/Versions/A/ExtensionFoundation
0x00007ff81cc9b000 	/System/Library/PrivateFrameworks/CoreTime.framework/Versions/A/CoreTime
0x00007ff814e27000 	/System/Library/PrivateFrameworks/AppServerSupport.framework/Versions/A/AppServerSupport
0x00007ff8173c6000 	/System/Library/PrivateFrameworks/perfdata.framework/Versions/A/perfdata
0x00007ff80757c000 	/System/Library/PrivateFrameworks/AudioToolboxCore.framework/Versions/A/AudioToolboxCore
0x00007ff8103a7000 	/System/Library/PrivateFrameworks/caulk.framework/Versions/A/caulk
0x00007ff816c5e000 	/usr/lib/libAudioStatistics.dylib
0x00007ff90bec2000 	/System/Library/PrivateFrameworks/SystemPolicy.framework/Versions/A/SystemPolicy
0x00007ff816f20000 	/usr/lib/libSMC.dylib
0x00007ff820d63000 	/System/Library/Frameworks/CoreMIDI.framework/Versions/A/CoreMIDI
0x00007ff81582a000 	/usr/lib/libAudioToolboxUtility.dylib
0x00007ff9074bc000 	/System/Library/PrivateFrameworks/OSAServicesClient.framework/Versions/A/OSAServicesClient
0x00007ff8173d4000 	/usr/lib/libperfcheck.dylib
0x00007ff81c746000 	/System/Library/PrivateFrameworks/BoardServices.framework/Versions/A/BoardServices
0x00007ff814b3c000 	/System/Library/PrivateFrameworks/PlugInKit.framework/Versions/A/PlugInKit
0x00007ff8121f1000 	/System/Library/PrivateFrameworks/AssertionServices.framework/Versions/A/AssertionServices
0x00007ffa0960d000 	/System/Library/PrivateFrameworks/Symbolication.framework/Versions/A/Symbolication
0x00007ffb234e2000 	/System/Library/PrivateFrameworks/PhotosensitivityProcessing.framework/Versions/A/PhotosensitivityProcessing
0x00007ffa1fdc0000 	/System/Library/Frameworks/OpenCL.framework/Versions/A/OpenCL
0x00007ff814dd2000 	/System/Library/PrivateFrameworks/GraphVisualizer.framework/Versions/A/GraphVisualizer
0x00007ffa1f13e000 	/System/Library/Frameworks/OpenGL.framework/Versions/A/Libraries/libGLU.dylib
0x00007ffa1f100000 	/System/Library/Frameworks/OpenGL.framework/Versions/A/Libraries/libGFXShared.dylib
0x00007ffa1f2fc000 	/System/Library/Frameworks/OpenGL.framework/Versions/A/Libraries/libGL.dylib
0x00007ffa1f108000 	/System/Library/Frameworks/OpenGL.framework/Versions/A/Libraries/libGLImage.dylib
0x00007ffa1f0fd000 	/System/Library/Frameworks/OpenGL.framework/Versions/A/Libraries/libCVMSPluginSupport.dylib
0x00007ffc18669000 	/usr/lib/libRosetta.dylib
0x00007ffa1f0e8000 	/System/Library/Frameworks/OpenGL.framework/Versions/A/Libraries/libCoreVMClient.dylib
0x00007ffb13e5c000 	/System/Library/PrivateFrameworks/FontServices.framework/Versions/A/FontServices
0x00007ff814de1000 	/System/Library/PrivateFrameworks/OTSVG.framework/Versions/A/OTSVG
0x00007ff80e5de000 	/System/Library/Frameworks/ApplicationServices.framework/Versions/A/Frameworks/ATS.framework/Versions/A/Resources/libFontRegistry.dylib
0x00007ff814e32000 	/System/Library/PrivateFrameworks/FontServices.framework/libhvf.dylib
0x00007ffb13e5d000 	/System/Library/PrivateFrameworks/FontServices.framework/libXTFontStaticRegistryData.dylib
0x00007ff811050000 	/System/Library/Frameworks/MetalPerformanceShaders.framework/Versions/A/Frameworks/MPSCore.framework/Versions/A/MPSCore
0x00007ff812a55000 	/System/Library/Frameworks/MetalPerformanceShaders.framework/Versions/A/Frameworks/MPSImage.framework/Versions/A/MPSImage
0x00007ff81235d000 	/System/Library/Frameworks/MetalPerformanceShaders.framework/Versions/A/Frameworks/MPSNeuralNetwork.framework/Versions/A/MPSNeuralNetwork
0x00007ff8128cc000 	/System/Library/Frameworks/MetalPerformanceShaders.framework/Versions/A/Frameworks/MPSMatrix.framework/Versions/A/MPSMatrix
0x00007ff81267e000 	/System/Library/Frameworks/MetalPerformanceShaders.framework/Versions/A/Frameworks/MPSRayIntersector.framework/Versions/A/MPSRayIntersector
0x00007ff81290b000 	/System/Library/Frameworks/MetalPerformanceShaders.framework/Versions/A/Frameworks/MPSNDArray.framework/Versions/A/MPSNDArray
0x00007ffb07021000 	/System/Library/Frameworks/MetalPerformanceShaders.framework/Versions/A/Frameworks/MPSFunctions.framework/Versions/A/MPSFunctions
0x00007ffb07004000 	/System/Library/Frameworks/MetalPerformanceShaders.framework/Versions/A/Frameworks/MPSBenchmarkLoop.framework/Versions/A/MPSBenchmarkLoop
0x00007ff805e70000 	/System/Library/PrivateFrameworks/MetalTools.framework/Versions/A/MetalTools
0x00007ff91125e000 	/System/Library/PrivateFrameworks/IOAccelMemoryInfo.framework/Versions/A/IOAccelMemoryInfo
0x00007ff91d5a8000 	/System/Library/PrivateFrameworks/kperf.framework/Versions/A/kperf
0x00007ff90cb45000 	/System/Library/PrivateFrameworks/GPURawCounter.framework/Versions/A/GPURawCounter
0x00007ff81cb70000 	/System/Library/PrivateFrameworks/CoreSymbolication.framework/Versions/A/CoreSymbolication
0x00007ff90caf5000 	/System/Library/PrivateFrameworks/MallocStackLogging.framework/Versions/A/MallocStackLogging
0x00007ff8149e1000 	/System/Library/PrivateFrameworks/CrashReporterSupport.framework/Versions/A/CrashReporterSupport
0x00007ff81cb31000 	/System/Library/PrivateFrameworks/DebugSymbols.framework/Versions/A/DebugSymbols
0x00007ff91bfad000 	/System/Library/PrivateFrameworks/OSAnalytics.framework/Versions/A/OSAnalytics
0x00007ffc0f970000 	/System/Library/PrivateFrameworks/VideoToolboxParavirtualizationSupport.framework/Versions/A/VideoToolboxParavirtualizationSupport
0x00007ff814c0e000 	/System/Library/PrivateFrameworks/AppleVA.framework/Versions/A/AppleVA
0x00007ff816c9e000 	/System/Library/Frameworks/ApplicationServices.framework/Versions/A/Frameworks/ATS.framework/Versions/A/ATS
0x00007ff80bb97000 	/System/Library/Frameworks/ApplicationServices.framework/Versions/A/Frameworks/HIServices.framework/Versions/A/HIServices
0x00007ff815998000 	/System/Library/Frameworks/ApplicationServices.framework/Versions/A/Frameworks/PrintCore.framework/Versions/A/PrintCore
0x00007ff817074000 	/System/Library/Frameworks/ApplicationServices.framework/Versions/A/Frameworks/QD.framework/Versions/A/QD
0x00007ff81706d000 	/System/Library/Frameworks/ApplicationServices.framework/Versions/A/Frameworks/ColorSyncLegacy.framework/Versions/A/ColorSyncLegacy
0x00007ff816c74000 	/System/Library/Frameworks/ApplicationServices.framework/Versions/A/Frameworks/SpeechSynthesis.framework/Versions/A/SpeechSynthesis
0x00007ff815954000 	/System/Library/Frameworks/ApplicationServices.framework/Versions/A/Frameworks/ATSUI.framework/Versions/A/ATSUI
0x00007ff816fff000 	/usr/lib/libcups.2.dylib
0x00007ff8173e3000 	/System/Library/Frameworks/Kerberos.framework/Versions/A/Kerberos
0x00007ff8173f2000 	/System/Library/Frameworks/GSS.framework/Versions/A/GSS
0x00007ff816d17000 	/usr/lib/libresolv.9.dylib
0x00007ff814e44000 	/System/Library/PrivateFrameworks/Heimdal.framework/Versions/A/Heimdal
0x00007ff81ebb6000 	/System/Library/Frameworks/Kerberos.framework/Versions/A/Libraries/libHeimdalProxy.dylib
0x00007ff817440000 	/System/Library/PrivateFrameworks/CommonAuth.framework/Versions/A/CommonAuth
0x00007ffa2473a000 	/System/Library/Frameworks/AVFAudio.framework/Versions/A/AVFAudio
0x00007ff907503000 	/System/Library/PrivateFrameworks/AXCoreUtilities.framework/Versions/A/AXCoreUtilities
0x00007ffb1dd4f000 	/System/Library/PrivateFrameworks/IsolatedCoreAudioClient.framework/Versions/A/IsolatedCoreAudioClient
0x00007ff816be5000 	/System/Library/PrivateFrameworks/AudioSession.framework/Versions/A/AudioSession
0x00007ff818717000 	/System/Library/Frameworks/IOBluetooth.framework/Versions/A/IOBluetooth
0x00007ff814d1c000 	/System/Library/PrivateFrameworks/MediaExperience.framework/Versions/A/MediaExperience
0x00007ff816a37000 	/System/Library/PrivateFrameworks/AudioSession.framework/libSessionUtility.dylib
0x00007ff81707f000 	/System/Library/PrivateFrameworks/AudioResourceArbitration.framework/Versions/A/AudioResourceArbitration
0x00007ff81b7dc000 	/System/Library/PrivateFrameworks/PowerLog.framework/Versions/A/PowerLog
0x00007ff81b6f9000 	/System/Library/Frameworks/CoreBluetooth.framework/Versions/A/CoreBluetooth
0x00007ff81ebb7000 	/System/Library/Frameworks/AudioUnit.framework/Versions/A/AudioUnit
0x00007ff812063000 	/System/Library/PrivateFrameworks/CoreUtils.framework/Versions/A/CoreUtils
0x00007ffb12383000 	/System/Library/PrivateFrameworks/CoreUtilsExtras.framework/Versions/A/CoreUtilsExtras
0x00007ffb1c845000 	/System/Library/PrivateFrameworks/IO80211.framework/Versions/A/IO80211
0x00007ff81c688000 	/System/Library/PrivateFrameworks/FrontBoardServices.framework/Versions/A/FrontBoardServices
0x00007ff81e19b000 	/System/Library/PrivateFrameworks/BackBoardServices.framework/Versions/A/BackBoardServices
0x00007ff814c80000 	/System/Library/PrivateFrameworks/IconFoundation.framework/Versions/A/IconFoundation
0x00007ff81a6f9000 	/System/Library/PrivateFrameworks/SpeechRecognitionCore.framework/Versions/A/SpeechRecognitionCore
0x00007ff90751c000 	/usr/lib/libAccessibility.dylib
0x00007ff81adef000 	/System/Library/Frameworks/MediaAccessibility.framework/Versions/A/MediaAccessibility
0x00007ffa0cf94000 	/System/Library/Frameworks/OSLog.framework/Versions/A/OSLog
0x00007ff90ca80000 	/System/Library/PrivateFrameworks/LoggingSupport.framework/Versions/A/LoggingSupport
0x000000010c85b000 	/Applications/Apache NetBeans.app/Contents/Home/lib/server/libjvm.dylib
0x000000010b019000 	/Applications/Apache NetBeans.app/Contents/Home/lib/libjimage.dylib
0x000000010b0cc000 	/Applications/Apache NetBeans.app/Contents/Home/lib/libjdwp.dylib
0x000000010b17e000 	/Applications/Apache NetBeans.app/Contents/Home/lib/libjava.dylib
0x00007ffc183e0000 	/usr/lib/i18n/libiconv_std.dylib
0x00007ffc183d7000 	/usr/lib/i18n/libUTF8.dylib
0x00007ffc183e4000 	/usr/lib/i18n/libmapper_none.dylib
0x000000010be42000 	/Applications/Apache NetBeans.app/Contents/Home/lib/libdt_socket.dylib
0x000000010bf47000 	/Applications/Apache NetBeans.app/Contents/Home/lib/libnio.dylib
0x000000010bf81000 	/Applications/Apache NetBeans.app/Contents/Home/lib/libnet.dylib
0x000000010bfc0000 	/Applications/Apache NetBeans.app/Contents/Home/lib/libzip.dylib
0x000000010c08c000 	/Applications/Apache NetBeans.app/Contents/Home/lib/libawt.dylib
0x000000010c2be000 	/Applications/Apache NetBeans.app/Contents/Home/lib/libmlib_image.dylib
0x00007ffb06429000 	/System/Library/Frameworks/JavaRuntimeSupport.framework/Versions/A/JavaRuntimeSupport
0x00007ff90b866000 	/System/Library/Frameworks/Carbon.framework/Versions/A/Carbon
0x00007ff822e65000 	/System/Library/Frameworks/Carbon.framework/Versions/A/Frameworks/CommonPanels.framework/Versions/A/CommonPanels
0x00007ff81e4c7000 	/System/Library/Frameworks/Carbon.framework/Versions/A/Frameworks/Help.framework/Versions/A/Help
0x00007ff822e69000 	/System/Library/Frameworks/Carbon.framework/Versions/A/Frameworks/ImageCapture.framework/Versions/A/ImageCapture
0x00007ff822e46000 	/System/Library/Frameworks/Carbon.framework/Versions/A/Frameworks/OpenScripting.framework/Versions/A/OpenScripting
0x00007ff822e64000 	/System/Library/Frameworks/Carbon.framework/Versions/A/Frameworks/Ink.framework/Versions/A/Ink
0x00007ff822e61000 	/System/Library/Frameworks/Carbon.framework/Versions/A/Frameworks/SecurityHI.framework/Versions/A/SecurityHI
0x000000010c552000 	/Applications/Apache NetBeans.app/Contents/Home/lib/libawt_lwawt.dylib
0x000000010c016000 	/Applications/Apache NetBeans.app/Contents/Home/lib/libosxapp.dylib
0x00007ff90a818000 	/System/Library/Frameworks/ExceptionHandling.framework/Versions/A/ExceptionHandling
0x0000000171f11000 	/Applications/Apache NetBeans.app/Contents/Home/lib/libfontmanager.dylib
0x000000012ada0000 	/Applications/Apache NetBeans.app/Contents/Home/lib/libfreetype.dylib
0x00007ff81bdbe000 	/System/Library/Frameworks/FileProvider.framework/Versions/A/FileProvider
0x00007ff80c6e6000 	/System/Library/Frameworks/Accounts.framework/Versions/A/Accounts
0x00007ff81bf73000 	/System/Library/PrivateFrameworks/GenerationalStorage.framework/Versions/A/GenerationalStorage
0x00007ff81b7d1000 	/System/Library/PrivateFrameworks/SymptomDiagnosticReporter.framework/Versions/A/SymptomDiagnosticReporter
0x00007ff80a34a000 	/System/Library/PrivateFrameworks/DesktopServicesPriv.framework/Versions/A/DesktopServicesPriv
0x00007ff808cd1000 	/usr/lib/libsandbox.1.dylib
0x00007ff817062000 	/System/Library/PrivateFrameworks/NetAuth.framework/Versions/A/NetAuth
0x00007ff8183bf000 	/System/Library/PrivateFrameworks/Sharing.framework/Versions/A/Sharing
0x00007ff80ea75000 	/System/Library/PrivateFrameworks/login.framework/Versions/A/Frameworks/loginsupport.framework/Versions/A/loginsupport
0x00007ff81dfed000 	/System/Library/PrivateFrameworks/Apple80211.framework/Versions/A/Apple80211
0x00007ff812c0b000 	/System/Library/PrivateFrameworks/AuthKit.framework/Versions/A/AuthKit
0x00007ff81dfee000 	/System/Library/PrivateFrameworks/CoreWiFi.framework/Versions/A/CoreWiFi
0x00007ff811fea000 	/System/Library/Frameworks/CoreWLAN.framework/Versions/A/CoreWLAN
0x00007ff90cb48000 	/usr/lib/swift/libswiftCoreAudio.dylib
0x00007ff912043000 	/usr/lib/swift/libswiftCoreLocation.dylib
0x00007ff8149d8000 	/usr/lib/libIOReport.dylib
0x00007ffa13b71000 	/System/Library/PrivateFrameworks/WiFiPeerToPeer.framework/Versions/A/WiFiPeerToPeer
0x00007ff812db8000 	/System/Library/Frameworks/UserNotifications.framework/Versions/A/UserNotifications
0x00007ff81757f000 	/System/Library/PrivateFrameworks/CorePhoneNumbers.framework/Versions/A/CorePhoneNumbers
0x00007ff816d43000 	/System/Library/PrivateFrameworks/MultiverseSupport.framework/Versions/A/MultiverseSupport
0x00007ff81e41a000 	/System/Library/PrivateFrameworks/RemoteServiceDiscovery.framework/Versions/A/RemoteServiceDiscovery
0x00007ff81b8eb000 	/System/Library/PrivateFrameworks/DiskManagement.framework/Versions/A/DiskManagement
0x00007ff81b804000 	/System/Library/PrivateFrameworks/AppleIDAuthSupport.framework/Versions/A/AppleIDAuthSupport
0x00007ffb0ab55000 	/System/Library/PrivateFrameworks/AAAFoundation.framework/Versions/A/AAAFoundation
0x00007ff817553000 	/System/Library/PrivateFrameworks/KeychainCircle.framework/Versions/A/KeychainCircle
0x00007ff81e42b000 	/System/Library/PrivateFrameworks/RemoteXPC.framework/Versions/A/RemoteXPC
0x00007ff81e4cf000 	/usr/lib/libcsfde.dylib
0x00007ff814b86000 	/usr/lib/libCoreStorage.dylib
0x00007ff81b8b8000 	/System/Library/PrivateFrameworks/MediaKit.framework/Versions/A/MediaKit
0x00007ff81b810000 	/System/Library/Frameworks/DiscRecording.framework/Versions/A/DiscRecording
0x00007ff8187ec000 	/System/Library/PrivateFrameworks/ProtectedCloudStorage.framework/Versions/A/ProtectedCloudStorage
0x00007ff81e4cb000 	/System/Library/PrivateFrameworks/EFILogin.framework/Versions/A/EFILogin
0x00007ff81bf9b000 	/System/Library/PrivateFrameworks/OctagonTrust.framework/Versions/A/OctagonTrust
0x00007ff81001a000 	/System/Library/Frameworks/CoreLocation.framework/Versions/A/CoreLocation
0x00007ff818a49000 	/System/Library/PrivateFrameworks/GeoServices.framework/Versions/A/GeoServices
0x00007ff816a03000 	/System/Library/PrivateFrameworks/LocationSupport.framework/Versions/A/LocationSupport
0x00007ffb19570000 	/System/Library/PrivateFrameworks/GeoServicesCore.framework/Versions/A/GeoServicesCore
0x00007ff9074fa000 	/System/Library/PrivateFrameworks/PhoneNumbers.framework/Versions/A/PhoneNumbers
0x00007ff814b7e000 	/usr/lib/libMatch.1.dylib
0x00007ff915764000 	/System/Library/CoreServices/RawCamera.bundle/Contents/MacOS/RawCamera
0x00007ff817450000 	/System/Library/PrivateFrameworks/MobileAsset.framework/Versions/A/MobileAsset
0x00007ffb0c89d000 	/System/Library/PrivateFrameworks/AppleJPEGXL.framework/Versions/A/AppleJPEGXL
0x00007ff9129ac000 	/System/Library/PrivateFrameworks/SoftwareUpdateCoreSupport.framework/Versions/A/SoftwareUpdateCoreSupport
0x00007ff91a095000 	/System/Library/PrivateFrameworks/SoftwareUpdateCoreConnect.framework/Versions/A/SoftwareUpdateCoreConnect
0x00007ff81ebd6000 	/System/Library/PrivateFrameworks/StreamingZip.framework/Versions/A/StreamingZip
0x00007ff91263f000 	/System/Library/PrivateFrameworks/MSUDataAccessor.framework/Versions/A/MSUDataAccessor
0x00007ff90e6ab000 	/usr/lib/libbootpolicy.dylib
0x00007ff9214bb000 	/usr/lib/libpartition2_dynamic.dylib
0x00007ffb0e1df000 	/System/Library/PrivateFrameworks/CMPhoto.framework/Versions/A/CMPhoto
0x00007ff81ca05000 	/System/Library/PrivateFrameworks/AppleVPA.framework/Versions/A/AppleVPA
0x00007ff815b8a000 	/System/Library/Frameworks/MediaToolbox.framework/Versions/A/MediaToolbox
0x00007ff81bd90000 	/System/Library/PrivateFrameworks/CoreAVCHD.framework/Versions/A/CoreAVCHD
0x00007ff81bd8c000 	/System/Library/PrivateFrameworks/Mangrove.framework/Versions/A/Mangrove
0x00007ff81c328000 	/System/Library/Frameworks/CoreTelephony.framework/Versions/A/CoreTelephony
0x00007ff81b9d1000 	/System/Library/PrivateFrameworks/CoreAUC.framework/Versions/A/CoreAUC
0x00007ff817588000 	/usr/lib/libTelephonyUtilDynamic.dylib
0x00007ff912026000 	/System/Library/Frameworks/Accelerate.framework/Versions/A/Frameworks/vImage.framework/Versions/A/Libraries/libCGInterfaces.dylib
0x000000010c52a000 	/usr/lib/libobjc-trampolines.dylib
0x00007ffc183ed000 	/usr/lib/libAccessibilityBaseImplementations.dylib
0x00007ffa20412000 	/System/Library/Extensions/AGXMetal13_3.bundle/Contents/MacOS/AGXMetal13_3
0x00007ff906459000 	/System/Library/PrivateFrameworks/IOGPU.framework/Versions/A/IOGPU
0x00007ff814efa000 	/System/Library/PrivateFrameworks/login.framework/Versions/A/login
0x00007ff81c858000 	/System/Library/Frameworks/LocalAuthentication.framework/Versions/A/LocalAuthentication
0x00007ffb1e470000 	/System/Library/PrivateFrameworks/LocalAuthenticationCore.framework/Versions/A/LocalAuthenticationCore
0x00007ff81c89e000 	/System/Library/Frameworks/LocalAuthentication.framework/Support/SharedUtils.framework/Versions/A/SharedUtils
0x00007ff81c7f6000 	/System/Library/Frameworks/CryptoTokenKit.framework/Versions/A/CryptoTokenKit
0x00007ff80e78a000 	/System/Library/PrivateFrameworks/ViewBridge.framework/Versions/A/ViewBridge
0x000000017bf31000 	/Applications/Apache NetBeans.app/Contents/Home/lib/libosxui.dylib
0x00007ffc0c061000 	/System/Library/PrivateFrameworks/TextInputUI.framework/Versions/A/TextInputUI
0x00007ffc0c067000 	/System/Library/PrivateFrameworks/TextInputUIMacHelper.framework/Versions/A/TextInputUIMacHelper


VM Arguments:
jvm_args: -agentlib:jdwp=transport=dt_socket,server=n,address=50294 
java_command: com.mycompany.javacheckers.Checkers
java_class_path (initial): /Users/robertpalmer/Desktop/Coding/Java/JavaCheckers/target/classes:/Users/robertpalmer/.m2/repository/commons-lang/commons-lang/2.6/commons-lang-2.6.jar
Launcher Type: SUN_STANDARD

[Global flags]
     intx CICompilerCount                          = 4                                         {product} {ergonomic}
     uint ConcGCThreads                            = 2                                         {product} {ergonomic}
     uint G1ConcRefinementThreads                  = 8                                         {product} {ergonomic}
   size_t G1HeapRegionSize                         = 1048576                                   {product} {ergonomic}
    uintx GCDrainStackTargetSize                   = 64                                        {product} {ergonomic}
   size_t InitialHeapSize                          = 134217728                                 {product} {ergonomic}
   size_t MarkStackSize                            = 4194304                                   {product} {ergonomic}
   size_t MaxHeapSize                              = 2147483648                                {product} {ergonomic}
   size_t MaxNewSize                               = 1287651328                                {product} {ergonomic}
   size_t MinHeapDeltaBytes                        = 1048576                                   {product} {ergonomic}
   size_t MinHeapSize                              = 8388608                                   {product} {ergonomic}
    uintx NonNMethodCodeHeapSize                   = 5839372                                {pd product} {ergonomic}
    uintx NonProfiledCodeHeapSize                  = 122909434                              {pd product} {ergonomic}
    uintx ProfiledCodeHeapSize                     = 122909434                              {pd product} {ergonomic}
    uintx ReservedCodeCacheSize                    = 251658240                              {pd product} {ergonomic}
     bool SegmentedCodeCache                       = true                                      {product} {ergonomic}
   size_t SoftMaxHeapSize                          = 2147483648                             {manageable} {ergonomic}
     bool UseCompressedOops                        = true                           {product lp64_product} {ergonomic}
     bool UseG1GC                                  = true                                      {product} {ergonomic}
     bool UseNUMA                                  = false                                     {product} {ergonomic}
     bool UseNUMAInterleaving                      = false                                     {product} {ergonomic}

Logging:
Log output configuration:
 #0: stdout all=warning uptime,level,tags foldmultilines=false
 #1: stderr all=off uptime,level,tags foldmultilines=false

Environment Variables:
JAVA_HOME=/Applications/Apache NetBeans.app/Contents/Home
PATH=/usr/bin:/bin:/usr/sbin:/sbin
SHELL=/bin/zsh
LC_CTYPE=UTF-8
TMPDIR=/var/folders/gl/y60l7cg13q5fbnqg8ytjy1_80000gn/T/

Active Locale:
LC_ALL=C/UTF-8/C/C/C/C
LC_COLLATE=C
LC_CTYPE=UTF-8
LC_MESSAGES=C
LC_MONETARY=C
LC_NUMERIC=C
LC_TIME=C

Signal Handlers:
   SIGSEGV: crash_handler in libjvm.dylib, mask=11100110100111111111111111111111, flags=SA_ONSTACK|SA_RESTART|SA_SIGINFO, unblocked
    SIGBUS: crash_handler in libjvm.dylib, mask=11100110100111111111111111111111, flags=SA_RESTART|SA_SIGINFO, unblocked
    SIGFPE: crash_handler in libjvm.dylib, mask=11100110100111111111111111111111, flags=SA_RESTART|SA_SIGINFO, unblocked
   SIGPIPE: javaSignalHandler in libjvm.dylib, mask=11100110100111111111111111111111, flags=SA_RESTART|SA_SIGINFO, blocked
   SIGXFSZ: javaSignalHandler in libjvm.dylib, mask=11100110100111111111111111111111, flags=SA_RESTART|SA_SIGINFO, blocked
    SIGILL: crash_handler in libjvm.dylib, mask=11100110100111111111111111111111, flags=SA_RESTART|SA_SIGINFO, unblocked
   SIGUSR2: SR_handler in libjvm.dylib, mask=00000000000000000000000000000000, flags=SA_RESTART|SA_SIGINFO, blocked
    SIGHUP: UserHandler in libjvm.dylib, mask=11100110100111111111111111111111, flags=SA_RESTART|SA_SIGINFO, blocked
    SIGINT: SIG_IGN, mask=11111111011111110111111111111111, flags=none, blocked
   SIGTERM: UserHandler in libjvm.dylib, mask=11100110100111111111111111111111, flags=SA_RESTART|SA_SIGINFO, blocked
   SIGQUIT: UserHandler in libjvm.dylib, mask=11100110100111111111111111111111, flags=SA_RESTART|SA_SIGINFO, blocked
   SIGTRAP: crash_handler in libjvm.dylib, mask=11100110100111111111111111111111, flags=SA_RESTART|SA_SIGINFO, unblocked


Periodic native trim disabled

---------------  S Y S T E M  ---------------

OS:
uname: Darwin 23.6.0 Darwin Kernel Version 23.6.0: Mon Jul 29 21:14:21 PDT 2024; root:xnu-10063.141.2~1/RELEASE_ARM64_T8103 x86_64
OS uptime: 1 days 20:14 hours
rlimit (soft/hard): STACK 8176k/65520k , CORE 0k/infinity , NPROC 1333/2000 , NOFILE 10240/infinity , AS infinity/infinity , CPU infinity/infinity , DATA infinity/infinity , FSIZE infinity/infinity , MEMLOCK infinity/infinity , RSS infinity/infinity
load average: 2.32 2.56 3.61

CPU: (EMULATED) total 8 (initial active 8) (1 cores per cpu, 1 threads per core) family 6 model 44 stepping 0 microcode 0x0, cx8, cmov, fxsr, mmx, sse, sse2, sse3, ssse3, sse4.1, sse4.2, popcnt, tsc, tscinvbit, aes, clmul, clflush, rdtscp
machdep.cpu.brand_string:Apple M1
hw.cpufrequency:2400000000
hw.cpufrequency_min:2400000000
hw.cpufrequency_max:2400000000
hw.cachelinesize:64
hw.l1icachesize:131072
hw.l1dcachesize:65536
hw.l2cachesize:4194304

Memory: 4k page, physical 8388608k(43944k free), swap 2097152k(417088k free)

vm_info: OpenJDK 64-Bit Server VM (21.0.2+13-LTS) for bsd-amd64 JRE (21.0.2+13-LTS) (Zulu21.32+17-CA), built on 2024-01-09T19:41:02Z by "tester" with clang Apple LLVM 14.0.3 (clang-1403.0.22.14.1)

END.
